{"C:\\Users\\raoni\\Meu Drive\\Documentos\\Site Antiphishing\\React\\phishguard\\src\\hooks\\index.ts": {"path":"C:\\Users\\raoni\\Meu Drive\\Documentos\\Site Antiphishing\\React\\phishguard\\src\\hooks\\index.ts","statementMap":{},"fnMap":{},"branchMap":{},"s":{},"f":{},"b":{},"meta":{"lastBranch":0,"lastFunction":0,"lastStatement":0,"seen":{}}}
,"C:\\Users\\raoni\\Meu Drive\\Documentos\\Site Antiphishing\\React\\phishguard\\src\\hooks\\useCompany.ts": {"path":"C:\\Users\\raoni\\Meu Drive\\Documentos\\Site Antiphishing\\React\\phishguard\\src\\hooks\\useCompany.ts","statementMap":{"0":{"start":{"line":28,"column":10},"end":{"line":28,"column":34}},"1":{"start":{"line":29,"column":18},"end":{"line":29,"column":62}},"2":{"start":{"line":30,"column":20},"end":{"line":30,"column":50}},"3":{"start":{"line":31,"column":8},"end":{"line":31,"column":35}},"4":{"start":{"line":33,"column":2},"end":{"line":111,"column":null}},"5":{"start":{"line":34,"column":4},"end":{"line":34,"column":null}},"6":{"start":{"line":35,"column":24},"end":{"line":94,"column":null}},"7":{"start":{"line":36,"column":6},"end":{"line":41,"column":null}},"8":{"start":{"line":37,"column":8},"end":{"line":39,"column":null}},"9":{"start":{"line":38,"column":10},"end":{"line":38,"column":null}},"10":{"start":{"line":39,"column":10},"end":{"line":39,"column":null}},"11":{"start":{"line":41,"column":8},"end":{"line":41,"column":null}},"12":{"start":{"line":44,"column":6},"end":{"line":45,"column":null}},"13":{"start":{"line":45,"column":8},"end":{"line":45,"column":null}},"14":{"start":{"line":48,"column":6},"end":{"line":94,"column":null}},"15":{"start":{"line":50,"column":55},"end":{"line":54,"column":19}},"16":{"start":{"line":56,"column":8},"end":{"line":56,"column":null}},"17":{"start":{"line":56,"column":35},"end":{"line":56,"column":null}},"18":{"start":{"line":58,"column":8},"end":{"line":62,"column":null}},"19":{"start":{"line":59,"column":10},"end":{"line":59,"column":null}},"20":{"start":{"line":60,"column":10},"end":{"line":60,"column":null}},"21":{"start":{"line":61,"column":10},"end":{"line":61,"column":null}},"22":{"start":{"line":62,"column":10},"end":{"line":62,"column":null}},"23":{"start":{"line":65,"column":8},"end":{"line":69,"column":null}},"24":{"start":{"line":66,"column":10},"end":{"line":66,"column":null}},"25":{"start":{"line":67,"column":10},"end":{"line":67,"column":null}},"26":{"start":{"line":68,"column":10},"end":{"line":68,"column":null}},"27":{"start":{"line":69,"column":10},"end":{"line":69,"column":null}},"28":{"start":{"line":73,"column":59},"end":{"line":77,"column":19}},"29":{"start":{"line":79,"column":8},"end":{"line":79,"column":null}},"30":{"start":{"line":79,"column":35},"end":{"line":79,"column":null}},"31":{"start":{"line":81,"column":8},"end":{"line":85,"column":null}},"32":{"start":{"line":82,"column":10},"end":{"line":82,"column":null}},"33":{"start":{"line":83,"column":10},"end":{"line":83,"column":null}},"34":{"start":{"line":85,"column":10},"end":{"line":85,"column":null}},"35":{"start":{"line":88,"column":8},"end":{"line":88,"column":null}},"36":{"start":{"line":89,"column":8},"end":{"line":90,"column":null}},"37":{"start":{"line":90,"column":10},"end":{"line":90,"column":null}},"38":{"start":{"line":93,"column":8},"end":{"line":94,"column":null}},"39":{"start":{"line":94,"column":10},"end":{"line":94,"column":null}},"40":{"start":{"line":99,"column":4},"end":{"line":104,"column":null}},"41":{"start":{"line":100,"column":6},"end":{"line":100,"column":null}},"42":{"start":{"line":102,"column":6},"end":{"line":104,"column":null}},"43":{"start":{"line":103,"column":8},"end":{"line":103,"column":null}},"44":{"start":{"line":104,"column":8},"end":{"line":104,"column":null}},"45":{"start":{"line":108,"column":4},"end":{"line":109,"column":null}},"46":{"start":{"line":109,"column":6},"end":{"line":109,"column":null}},"47":{"start":{"line":113,"column":18},"end":{"line":136,"column":null}},"48":{"start":{"line":114,"column":4},"end":{"line":114,"column":null}},"49":{"start":{"line":114,"column":18},"end":{"line":114,"column":null}},"50":{"start":{"line":116,"column":4},"end":{"line":116,"column":null}},"51":{"start":{"line":117,"column":4},"end":{"line":136,"column":null}},"52":{"start":{"line":118,"column":32},"end":{"line":122,"column":17}},"53":{"start":{"line":124,"column":6},"end":{"line":131,"column":null}},"54":{"start":{"line":125,"column":38},"end":{"line":129,"column":19}},"55":{"start":{"line":131,"column":8},"end":{"line":131,"column":null}},"56":{"start":{"line":134,"column":6},"end":{"line":134,"column":null}},"57":{"start":{"line":136,"column":6},"end":{"line":136,"column":null}},"58":{"start":{"line":140,"column":2},"end":{"line":146,"column":null}}},"fnMap":{"0":{"name":"useCompany","decl":{"start":{"line":27,"column":16},"end":{"line":27,"column":47}},"loc":{"start":{"line":27,"column":47},"end":{"line":146,"column":null}},"line":27},"1":{"name":"(anonymous_1)","decl":{"start":{"line":33,"column":2},"end":{"line":33,"column":18}},"loc":{"start":{"line":33,"column":18},"end":{"line":111,"column":6}},"line":33},"2":{"name":"(anonymous_2)","decl":{"start":{"line":35,"column":24},"end":{"line":35,"column":31}},"loc":{"start":{"line":35,"column":59},"end":{"line":94,"column":null}},"line":35},"3":{"name":"(anonymous_3)","decl":{"start":{"line":108,"column":4},"end":{"line":108,"column":17}},"loc":{"start":{"line":108,"column":17},"end":{"line":109,"column":null}},"line":108},"4":{"name":"(anonymous_4)","decl":{"start":{"line":113,"column":18},"end":{"line":113,"column":30}},"loc":{"start":{"line":113,"column":30},"end":{"line":136,"column":null}},"line":113}},"branchMap":{"0":{"loc":{"start":{"line":36,"column":6},"end":{"line":41,"column":null}},"type":"if","locations":[{"start":{"line":36,"column":6},"end":{"line":41,"column":null}},{"start":{},"end":{}}],"line":36},"1":{"loc":{"start":{"line":37,"column":8},"end":{"line":39,"column":null}},"type":"if","locations":[{"start":{"line":37,"column":8},"end":{"line":39,"column":null}},{"start":{},"end":{}}],"line":37},"2":{"loc":{"start":{"line":44,"column":6},"end":{"line":45,"column":null}},"type":"if","locations":[{"start":{"line":44,"column":6},"end":{"line":45,"column":null}},{"start":{},"end":{}}],"line":44},"3":{"loc":{"start":{"line":56,"column":8},"end":{"line":56,"column":null}},"type":"if","locations":[{"start":{"line":56,"column":8},"end":{"line":56,"column":null}},{"start":{},"end":{}}],"line":56},"4":{"loc":{"start":{"line":58,"column":8},"end":{"line":62,"column":null}},"type":"if","locations":[{"start":{"line":58,"column":8},"end":{"line":62,"column":null}},{"start":{},"end":{}}],"line":58},"5":{"loc":{"start":{"line":65,"column":8},"end":{"line":69,"column":null}},"type":"if","locations":[{"start":{"line":65,"column":8},"end":{"line":69,"column":null}},{"start":{},"end":{}}],"line":65},"6":{"loc":{"start":{"line":79,"column":8},"end":{"line":79,"column":null}},"type":"if","locations":[{"start":{"line":79,"column":8},"end":{"line":79,"column":null}},{"start":{},"end":{}}],"line":79},"7":{"loc":{"start":{"line":81,"column":8},"end":{"line":85,"column":null}},"type":"if","locations":[{"start":{"line":81,"column":8},"end":{"line":85,"column":null}},{"start":{"line":84,"column":15},"end":{"line":85,"column":null}}],"line":81},"8":{"loc":{"start":{"line":89,"column":8},"end":{"line":90,"column":null}},"type":"if","locations":[{"start":{"line":89,"column":8},"end":{"line":90,"column":null}},{"start":{},"end":{}}],"line":89},"9":{"loc":{"start":{"line":93,"column":8},"end":{"line":94,"column":null}},"type":"if","locations":[{"start":{"line":93,"column":8},"end":{"line":94,"column":null}},{"start":{},"end":{}}],"line":93},"10":{"loc":{"start":{"line":99,"column":4},"end":{"line":104,"column":null}},"type":"if","locations":[{"start":{"line":99,"column":4},"end":{"line":104,"column":null}},{"start":{"line":101,"column":11},"end":{"line":104,"column":null}}],"line":99},"11":{"loc":{"start":{"line":102,"column":6},"end":{"line":104,"column":null}},"type":"if","locations":[{"start":{"line":102,"column":6},"end":{"line":104,"column":null}},{"start":{},"end":{}}],"line":102},"12":{"loc":{"start":{"line":114,"column":4},"end":{"line":114,"column":null}},"type":"if","locations":[{"start":{"line":114,"column":4},"end":{"line":114,"column":null}},{"start":{},"end":{}}],"line":114},"13":{"loc":{"start":{"line":124,"column":6},"end":{"line":131,"column":null}},"type":"if","locations":[{"start":{"line":124,"column":6},"end":{"line":131,"column":null}},{"start":{},"end":{}}],"line":124},"14":{"loc":{"start":{"line":131,"column":19},"end":{"line":131,"column":39}},"type":"binary-expr","locations":[{"start":{"line":131,"column":19},"end":{"line":131,"column":34}},{"start":{"line":131,"column":34},"end":{"line":131,"column":39}}],"line":131},"15":{"loc":{"start":{"line":144,"column":10},"end":{"line":144,"column":null}},"type":"binary-expr","locations":[{"start":{"line":144,"column":10},"end":{"line":144,"column":27}},{"start":{"line":144,"column":27},"end":{"line":144,"column":null}}],"line":144}},"s":{"0":0,"1":0,"2":0,"3":0,"4":0,"5":0,"6":0,"7":0,"8":0,"9":0,"10":0,"11":0,"12":0,"13":0,"14":0,"15":0,"16":0,"17":0,"18":0,"19":0,"20":0,"21":0,"22":0,"23":0,"24":0,"25":0,"26":0,"27":0,"28":0,"29":0,"30":0,"31":0,"32":0,"33":0,"34":0,"35":0,"36":0,"37":0,"38":0,"39":0,"40":0,"41":0,"42":0,"43":0,"44":0,"45":0,"46":0,"47":0,"48":0,"49":0,"50":0,"51":0,"52":0,"53":0,"54":0,"55":0,"56":0,"57":0,"58":0},"f":{"0":0,"1":0,"2":0,"3":0,"4":0},"b":{"0":[0,0],"1":[0,0],"2":[0,0],"3":[0,0],"4":[0,0],"5":[0,0],"6":[0,0],"7":[0,0],"8":[0,0],"9":[0,0],"10":[0,0],"11":[0,0],"12":[0,0],"13":[0,0],"14":[0,0],"15":[0,0]},"meta":{"lastBranch":16,"lastFunction":5,"lastStatement":59,"seen":{"f:27:16:27:47":0,"s:28:10:28:34":0,"s:29:18:29:62":1,"s:30:20:30:50":2,"s:31:8:31:35":3,"s:33:2:111:Infinity":4,"f:33:2:33:18":1,"s:34:4:34:Infinity":5,"s:35:24:94:Infinity":6,"f:35:24:35:31":2,"b:36:6:41:Infinity:undefined:undefined:undefined:undefined":0,"s:36:6:41:Infinity":7,"b:37:8:39:Infinity:undefined:undefined:undefined:undefined":1,"s:37:8:39:Infinity":8,"s:38:10:38:Infinity":9,"s:39:10:39:Infinity":10,"s:41:8:41:Infinity":11,"b:44:6:45:Infinity:undefined:undefined:undefined:undefined":2,"s:44:6:45:Infinity":12,"s:45:8:45:Infinity":13,"s:48:6:94:Infinity":14,"s:50:55:54:19":15,"b:56:8:56:Infinity:undefined:undefined:undefined:undefined":3,"s:56:8:56:Infinity":16,"s:56:35:56:Infinity":17,"b:58:8:62:Infinity:undefined:undefined:undefined:undefined":4,"s:58:8:62:Infinity":18,"s:59:10:59:Infinity":19,"s:60:10:60:Infinity":20,"s:61:10:61:Infinity":21,"s:62:10:62:Infinity":22,"b:65:8:69:Infinity:undefined:undefined:undefined:undefined":5,"s:65:8:69:Infinity":23,"s:66:10:66:Infinity":24,"s:67:10:67:Infinity":25,"s:68:10:68:Infinity":26,"s:69:10:69:Infinity":27,"s:73:59:77:19":28,"b:79:8:79:Infinity:undefined:undefined:undefined:undefined":6,"s:79:8:79:Infinity":29,"s:79:35:79:Infinity":30,"b:81:8:85:Infinity:84:15:85:Infinity":7,"s:81:8:85:Infinity":31,"s:82:10:82:Infinity":32,"s:83:10:83:Infinity":33,"s:85:10:85:Infinity":34,"s:88:8:88:Infinity":35,"b:89:8:90:Infinity:undefined:undefined:undefined:undefined":8,"s:89:8:90:Infinity":36,"s:90:10:90:Infinity":37,"b:93:8:94:Infinity:undefined:undefined:undefined:undefined":9,"s:93:8:94:Infinity":38,"s:94:10:94:Infinity":39,"b:99:4:104:Infinity:101:11:104:Infinity":10,"s:99:4:104:Infinity":40,"s:100:6:100:Infinity":41,"b:102:6:104:Infinity:undefined:undefined:undefined:undefined":11,"s:102:6:104:Infinity":42,"s:103:8:103:Infinity":43,"s:104:8:104:Infinity":44,"s:108:4:109:Infinity":45,"f:108:4:108:17":3,"s:109:6:109:Infinity":46,"s:113:18:136:Infinity":47,"f:113:18:113:30":4,"b:114:4:114:Infinity:undefined:undefined:undefined:undefined":12,"s:114:4:114:Infinity":48,"s:114:18:114:Infinity":49,"s:116:4:116:Infinity":50,"s:117:4:136:Infinity":51,"s:118:32:122:17":52,"b:124:6:131:Infinity:undefined:undefined:undefined:undefined":13,"s:124:6:131:Infinity":53,"s:125:38:129:19":54,"s:131:8:131:Infinity":55,"b:131:19:131:34:131:34:131:39":14,"s:134:6:134:Infinity":56,"s:136:6:136:Infinity":57,"s:140:2:146:Infinity":58,"b:144:10:144:27:144:27:144:Infinity":15}}}
,"C:\\Users\\raoni\\Meu Drive\\Documentos\\Site Antiphishing\\React\\phishguard\\src\\hooks\\useSession.ts": {"path":"C:\\Users\\raoni\\Meu Drive\\Documentos\\Site Antiphishing\\React\\phishguard\\src\\hooks\\useSession.ts","statementMap":{"0":{"start":{"line":26,"column":18},"end":{"line":26,"column":62}},"1":{"start":{"line":27,"column":20},"end":{"line":27,"column":50}},"2":{"start":{"line":28,"column":20},"end":{"line":28,"column":51}},"3":{"start":{"line":31,"column":2},"end":{"line":47,"column":null}},"4":{"start":{"line":32,"column":24},"end":{"line":42,"column":null}},"5":{"start":{"line":33,"column":6},"end":{"line":33,"column":null}},"6":{"start":{"line":34,"column":6},"end":{"line":42,"column":null}},"7":{"start":{"line":35,"column":31},"end":{"line":35,"column":49}},"8":{"start":{"line":36,"column":8},"end":{"line":36,"column":null}},"9":{"start":{"line":37,"column":8},"end":{"line":37,"column":null}},"10":{"start":{"line":39,"column":8},"end":{"line":39,"column":null}},"11":{"start":{"line":40,"column":8},"end":{"line":40,"column":null}},"12":{"start":{"line":42,"column":8},"end":{"line":42,"column":null}},"13":{"start":{"line":46,"column":4},"end":{"line":46,"column":null}},"14":{"start":{"line":50,"column":2},"end":{"line":83,"column":null}},"15":{"start":{"line":51,"column":21},"end":{"line":78,"column":null}},"16":{"start":{"line":52,"column":6},"end":{"line":52,"column":null}},"17":{"start":{"line":54,"column":6},"end":{"line":57,"column":null}},"18":{"start":{"line":55,"column":8},"end":{"line":55,"column":null}},"19":{"start":{"line":56,"column":8},"end":{"line":56,"column":null}},"20":{"start":{"line":57,"column":8},"end":{"line":57,"column":null}},"21":{"start":{"line":60,"column":6},"end":{"line":63,"column":null}},"22":{"start":{"line":61,"column":8},"end":{"line":61,"column":null}},"23":{"start":{"line":62,"column":8},"end":{"line":62,"column":null}},"24":{"start":{"line":63,"column":8},"end":{"line":63,"column":null}},"25":{"start":{"line":66,"column":6},"end":{"line":76,"column":null}},"26":{"start":{"line":68,"column":26},"end":{"line":68,"column":null}},"27":{"start":{"line":69,"column":20},"end":{"line":69,"column":49}},"28":{"start":{"line":70,"column":26},"end":{"line":70,"column":null}},"29":{"start":{"line":72,"column":8},"end":{"line":72,"column":null}},"30":{"start":{"line":73,"column":8},"end":{"line":73,"column":null}},"31":{"start":{"line":75,"column":8},"end":{"line":75,"column":null}},"32":{"start":{"line":76,"column":8},"end":{"line":76,"column":null}},"33":{"start":{"line":80,"column":4},"end":{"line":81,"column":null}},"34":{"start":{"line":81,"column":6},"end":{"line":81,"column":null}},"35":{"start":{"line":85,"column":8},"end":{"line":94,"column":8}},"36":{"start":{"line":86,"column":28},"end":{"line":86,"column":64}},"37":{"start":{"line":87,"column":4},"end":{"line":92,"column":null}},"38":{"start":{"line":88,"column":6},"end":{"line":88,"column":null}},"39":{"start":{"line":89,"column":6},"end":{"line":89,"column":null}},"40":{"start":{"line":90,"column":15},"end":{"line":92,"column":null}},"41":{"start":{"line":91,"column":6},"end":{"line":91,"column":null}},"42":{"start":{"line":92,"column":6},"end":{"line":92,"column":null}},"43":{"start":{"line":96,"column":8},"end":{"line":103,"column":8}},"44":{"start":{"line":97,"column":22},"end":{"line":97,"column":51}},"45":{"start":{"line":98,"column":4},"end":{"line":99,"column":null}},"46":{"start":{"line":99,"column":6},"end":{"line":99,"column":null}},"47":{"start":{"line":101,"column":4},"end":{"line":101,"column":null}},"48":{"start":{"line":102,"column":4},"end":{"line":102,"column":null}},"49":{"start":{"line":105,"column":2},"end":{"line":111,"column":null}}},"fnMap":{"0":{"name":"useSession","decl":{"start":{"line":25,"column":16},"end":{"line":25,"column":47}},"loc":{"start":{"line":25,"column":47},"end":{"line":111,"column":null}},"line":25},"1":{"name":"(anonymous_1)","decl":{"start":{"line":31,"column":2},"end":{"line":31,"column":18}},"loc":{"start":{"line":31,"column":18},"end":{"line":47,"column":7}},"line":31},"2":{"name":"(anonymous_2)","decl":{"start":{"line":32,"column":24},"end":{"line":32,"column":36}},"loc":{"start":{"line":32,"column":36},"end":{"line":42,"column":null}},"line":32},"3":{"name":"(anonymous_3)","decl":{"start":{"line":50,"column":2},"end":{"line":50,"column":18}},"loc":{"start":{"line":50,"column":18},"end":{"line":83,"column":7}},"line":50},"4":{"name":"(anonymous_4)","decl":{"start":{"line":51,"column":35},"end":{"line":51,"column":54}},"loc":{"start":{"line":51,"column":76},"end":{"line":78,"column":null}},"line":51},"5":{"name":"(anonymous_5)","decl":{"start":{"line":80,"column":4},"end":{"line":80,"column":17}},"loc":{"start":{"line":80,"column":17},"end":{"line":81,"column":null}},"line":80},"6":{"name":"(anonymous_6)","decl":{"start":{"line":85,"column":30},"end":{"line":85,"column":42}},"loc":{"start":{"line":85,"column":42},"end":{"line":94,"column":7}},"line":85},"7":{"name":"(anonymous_7)","decl":{"start":{"line":96,"column":29},"end":{"line":96,"column":41}},"loc":{"start":{"line":96,"column":41},"end":{"line":103,"column":7}},"line":96}},"branchMap":{"0":{"loc":{"start":{"line":54,"column":6},"end":{"line":57,"column":null}},"type":"if","locations":[{"start":{"line":54,"column":6},"end":{"line":57,"column":null}},{"start":{},"end":{}}],"line":54},"1":{"loc":{"start":{"line":60,"column":6},"end":{"line":63,"column":null}},"type":"if","locations":[{"start":{"line":60,"column":6},"end":{"line":63,"column":null}},{"start":{},"end":{}}],"line":60},"2":{"loc":{"start":{"line":66,"column":6},"end":{"line":76,"column":null}},"type":"if","locations":[{"start":{"line":66,"column":6},"end":{"line":76,"column":null}},{"start":{"line":74,"column":13},"end":{"line":76,"column":null}}],"line":66},"3":{"loc":{"start":{"line":70,"column":26},"end":{"line":70,"column":null}},"type":"cond-expr","locations":[{"start":{"line":70,"column":38},"end":{"line":70,"column":56}},{"start":{"line":70,"column":56},"end":{"line":70,"column":null}}],"line":70},"4":{"loc":{"start":{"line":87,"column":4},"end":{"line":92,"column":null}},"type":"if","locations":[{"start":{"line":87,"column":4},"end":{"line":92,"column":null}},{"start":{"line":90,"column":15},"end":{"line":92,"column":null}}],"line":87},"5":{"loc":{"start":{"line":90,"column":15},"end":{"line":92,"column":null}},"type":"if","locations":[{"start":{"line":90,"column":15},"end":{"line":92,"column":null}},{"start":{},"end":{}}],"line":90},"6":{"loc":{"start":{"line":98,"column":4},"end":{"line":99,"column":null}},"type":"if","locations":[{"start":{"line":98,"column":4},"end":{"line":99,"column":null}},{"start":{},"end":{}}],"line":98}},"s":{"0":0,"1":0,"2":0,"3":0,"4":0,"5":0,"6":0,"7":0,"8":0,"9":0,"10":0,"11":0,"12":0,"13":0,"14":0,"15":0,"16":0,"17":0,"18":0,"19":0,"20":0,"21":0,"22":0,"23":0,"24":0,"25":0,"26":0,"27":0,"28":0,"29":0,"30":0,"31":0,"32":0,"33":0,"34":0,"35":0,"36":0,"37":0,"38":0,"39":0,"40":0,"41":0,"42":0,"43":0,"44":0,"45":0,"46":0,"47":0,"48":0,"49":0},"f":{"0":0,"1":0,"2":0,"3":0,"4":0,"5":0,"6":0,"7":0},"b":{"0":[0,0],"1":[0,0],"2":[0,0],"3":[0,0],"4":[0,0],"5":[0,0],"6":[0,0]},"meta":{"lastBranch":7,"lastFunction":8,"lastStatement":50,"seen":{"f:25:16:25:47":0,"s:26:18:26:62":0,"s:27:20:27:50":1,"s:28:20:28:51":2,"s:31:2:47:Infinity":3,"f:31:2:31:18":1,"s:32:24:42:Infinity":4,"f:32:24:32:36":2,"s:33:6:33:Infinity":5,"s:34:6:42:Infinity":6,"s:35:31:35:49":7,"s:36:8:36:Infinity":8,"s:37:8:37:Infinity":9,"s:39:8:39:Infinity":10,"s:40:8:40:Infinity":11,"s:42:8:42:Infinity":12,"s:46:4:46:Infinity":13,"s:50:2:83:Infinity":14,"f:50:2:50:18":3,"s:51:21:78:Infinity":15,"f:51:35:51:54":4,"s:52:6:52:Infinity":16,"b:54:6:57:Infinity:undefined:undefined:undefined:undefined":0,"s:54:6:57:Infinity":17,"s:55:8:55:Infinity":18,"s:56:8:56:Infinity":19,"s:57:8:57:Infinity":20,"b:60:6:63:Infinity:undefined:undefined:undefined:undefined":1,"s:60:6:63:Infinity":21,"s:61:8:61:Infinity":22,"s:62:8:62:Infinity":23,"s:63:8:63:Infinity":24,"b:66:6:76:Infinity:74:13:76:Infinity":2,"s:66:6:76:Infinity":25,"s:68:26:68:Infinity":26,"s:69:20:69:49":27,"s:70:26:70:Infinity":28,"b:70:38:70:56:70:56:70:Infinity":3,"s:72:8:72:Infinity":29,"s:73:8:73:Infinity":30,"s:75:8:75:Infinity":31,"s:76:8:76:Infinity":32,"s:80:4:81:Infinity":33,"f:80:4:80:17":5,"s:81:6:81:Infinity":34,"s:85:8:94:8":35,"f:85:30:85:42":6,"s:86:28:86:64":36,"b:87:4:92:Infinity:90:15:92:Infinity":4,"s:87:4:92:Infinity":37,"s:88:6:88:Infinity":38,"s:89:6:89:Infinity":39,"b:90:15:92:Infinity:undefined:undefined:undefined:undefined":5,"s:90:15:92:Infinity":40,"s:91:6:91:Infinity":41,"s:92:6:92:Infinity":42,"s:96:8:103:8":43,"f:96:29:96:41":7,"s:97:22:97:51":44,"b:98:4:99:Infinity:undefined:undefined:undefined:undefined":6,"s:98:4:99:Infinity":45,"s:99:6:99:Infinity":46,"s:101:4:101:Infinity":47,"s:102:4:102:Infinity":48,"s:105:2:111:Infinity":49}}}
,"C:\\Users\\raoni\\Meu Drive\\Documentos\\Site Antiphishing\\React\\phishguard\\src\\hooks\\useUser.ts": {"path":"C:\\Users\\raoni\\Meu Drive\\Documentos\\Site Antiphishing\\React\\phishguard\\src\\hooks\\useUser.ts","statementMap":{"0":{"start":{"line":28,"column":10},"end":{"line":28,"column":34}},"1":{"start":{"line":29,"column":15},"end":{"line":29,"column":53}},"2":{"start":{"line":30,"column":18},"end":{"line":30,"column":66}},"3":{"start":{"line":31,"column":20},"end":{"line":31,"column":50}},"4":{"start":{"line":33,"column":2},"end":{"line":68,"column":null}},"5":{"start":{"line":34,"column":21},"end":{"line":63,"column":null}},"6":{"start":{"line":36,"column":6},"end":{"line":40,"column":null}},"7":{"start":{"line":37,"column":8},"end":{"line":37,"column":null}},"8":{"start":{"line":38,"column":8},"end":{"line":38,"column":null}},"9":{"start":{"line":39,"column":8},"end":{"line":39,"column":null}},"10":{"start":{"line":40,"column":8},"end":{"line":40,"column":null}},"11":{"start":{"line":43,"column":6},"end":{"line":43,"column":null}},"12":{"start":{"line":44,"column":6},"end":{"line":44,"column":null}},"13":{"start":{"line":46,"column":6},"end":{"line":63,"column":null}},"14":{"start":{"line":48,"column":59},"end":{"line":52,"column":19}},"15":{"start":{"line":54,"column":8},"end":{"line":55,"column":null}},"16":{"start":{"line":55,"column":10},"end":{"line":55,"column":null}},"17":{"start":{"line":58,"column":8},"end":{"line":58,"column":null}},"18":{"start":{"line":60,"column":8},"end":{"line":60,"column":null}},"19":{"start":{"line":61,"column":8},"end":{"line":61,"column":null}},"20":{"start":{"line":63,"column":8},"end":{"line":63,"column":null}},"21":{"start":{"line":67,"column":4},"end":{"line":67,"column":null}},"22":{"start":{"line":70,"column":18},"end":{"line":85,"column":null}},"23":{"start":{"line":71,"column":4},"end":{"line":71,"column":null}},"24":{"start":{"line":71,"column":24},"end":{"line":71,"column":null}},"25":{"start":{"line":73,"column":4},"end":{"line":73,"column":null}},"26":{"start":{"line":74,"column":4},"end":{"line":85,"column":null}},"27":{"start":{"line":75,"column":36},"end":{"line":79,"column":17}},"28":{"start":{"line":81,"column":6},"end":{"line":81,"column":null}},"29":{"start":{"line":83,"column":6},"end":{"line":83,"column":null}},"30":{"start":{"line":85,"column":6},"end":{"line":85,"column":null}},"31":{"start":{"line":89,"column":2},"end":{"line":95,"column":null}}},"fnMap":{"0":{"name":"useUser","decl":{"start":{"line":27,"column":16},"end":{"line":27,"column":41}},"loc":{"start":{"line":27,"column":41},"end":{"line":95,"column":null}},"line":27},"1":{"name":"(anonymous_1)","decl":{"start":{"line":33,"column":2},"end":{"line":33,"column":18}},"loc":{"start":{"line":33,"column":18},"end":{"line":68,"column":6}},"line":33},"2":{"name":"(anonymous_2)","decl":{"start":{"line":34,"column":21},"end":{"line":34,"column":33}},"loc":{"start":{"line":34,"column":33},"end":{"line":63,"column":null}},"line":34},"3":{"name":"(anonymous_3)","decl":{"start":{"line":70,"column":18},"end":{"line":70,"column":30}},"loc":{"start":{"line":70,"column":30},"end":{"line":85,"column":null}},"line":70}},"branchMap":{"0":{"loc":{"start":{"line":36,"column":6},"end":{"line":40,"column":null}},"type":"if","locations":[{"start":{"line":36,"column":6},"end":{"line":40,"column":null}},{"start":{},"end":{}}],"line":36},"1":{"loc":{"start":{"line":54,"column":8},"end":{"line":55,"column":null}},"type":"if","locations":[{"start":{"line":54,"column":8},"end":{"line":55,"column":null}},{"start":{},"end":{}}],"line":54},"2":{"loc":{"start":{"line":54,"column":12},"end":{"line":54,"column":62}},"type":"binary-expr","locations":[{"start":{"line":54,"column":12},"end":{"line":54,"column":28}},{"start":{"line":54,"column":28},"end":{"line":54,"column":62}}],"line":54},"3":{"loc":{"start":{"line":58,"column":19},"end":{"line":58,"column":39}},"type":"binary-expr","locations":[{"start":{"line":58,"column":19},"end":{"line":58,"column":34}},{"start":{"line":58,"column":34},"end":{"line":58,"column":39}}],"line":58},"4":{"loc":{"start":{"line":71,"column":4},"end":{"line":71,"column":null}},"type":"if","locations":[{"start":{"line":71,"column":4},"end":{"line":71,"column":null}},{"start":{},"end":{}}],"line":71},"5":{"loc":{"start":{"line":81,"column":17},"end":{"line":81,"column":37}},"type":"binary-expr","locations":[{"start":{"line":81,"column":17},"end":{"line":81,"column":32}},{"start":{"line":81,"column":32},"end":{"line":81,"column":37}}],"line":81}},"s":{"0":0,"1":0,"2":0,"3":0,"4":0,"5":0,"6":0,"7":0,"8":0,"9":0,"10":0,"11":0,"12":0,"13":0,"14":0,"15":0,"16":0,"17":0,"18":0,"19":0,"20":0,"21":0,"22":0,"23":0,"24":0,"25":0,"26":0,"27":0,"28":0,"29":0,"30":0,"31":0},"f":{"0":0,"1":0,"2":0,"3":0},"b":{"0":[0,0],"1":[0,0],"2":[0,0],"3":[0,0],"4":[0,0],"5":[0,0]},"meta":{"lastBranch":6,"lastFunction":4,"lastStatement":32,"seen":{"f:27:16:27:41":0,"s:28:10:28:34":0,"s:29:15:29:53":1,"s:30:18:30:66":2,"s:31:20:31:50":3,"s:33:2:68:Infinity":4,"f:33:2:33:18":1,"s:34:21:63:Infinity":5,"f:34:21:34:33":2,"b:36:6:40:Infinity:undefined:undefined:undefined:undefined":0,"s:36:6:40:Infinity":6,"s:37:8:37:Infinity":7,"s:38:8:38:Infinity":8,"s:39:8:39:Infinity":9,"s:40:8:40:Infinity":10,"s:43:6:43:Infinity":11,"s:44:6:44:Infinity":12,"s:46:6:63:Infinity":13,"s:48:59:52:19":14,"b:54:8:55:Infinity:undefined:undefined:undefined:undefined":1,"s:54:8:55:Infinity":15,"b:54:12:54:28:54:28:54:62":2,"s:55:10:55:Infinity":16,"s:58:8:58:Infinity":17,"b:58:19:58:34:58:34:58:39":3,"s:60:8:60:Infinity":18,"s:61:8:61:Infinity":19,"s:63:8:63:Infinity":20,"s:67:4:67:Infinity":21,"s:70:18:85:Infinity":22,"f:70:18:70:30":3,"b:71:4:71:Infinity:undefined:undefined:undefined:undefined":4,"s:71:4:71:Infinity":23,"s:71:24:71:Infinity":24,"s:73:4:73:Infinity":25,"s:74:4:85:Infinity":26,"s:75:36:79:17":27,"s:81:6:81:Infinity":28,"b:81:17:81:32:81:32:81:37":5,"s:83:6:83:Infinity":29,"s:85:6:85:Infinity":30,"s:89:2:95:Infinity":31}}}
,"C:\\Users\\raoni\\Meu Drive\\Documentos\\Site Antiphishing\\React\\phishguard\\src\\lib\\csv-export.ts": {"path":"C:\\Users\\raoni\\Meu Drive\\Documentos\\Site Antiphishing\\React\\phishguard\\src\\lib\\csv-export.ts","statementMap":{"0":{"start":{"line":24,"column":52},"end":{"line":24,"column":null}},"1":{"start":{"line":26,"column":25},"end":{"line":26,"column":27}},"2":{"start":{"line":29,"column":2},"end":{"line":29,"column":null}},"3":{"start":{"line":32,"column":2},"end":{"line":33,"column":null}},"4":{"start":{"line":33,"column":4},"end":{"line":33,"column":null}},"5":{"start":{"line":33,"column":35},"end":{"line":33,"column":53}},"6":{"start":{"line":37,"column":2},"end":{"line":44,"column":null}},"7":{"start":{"line":38,"column":19},"end":{"line":43,"column":null}},"8":{"start":{"line":39,"column":20},"end":{"line":39,"column":38}},"9":{"start":{"line":40,"column":24},"end":{"line":40,"column":76}},"10":{"start":{"line":42,"column":6},"end":{"line":42,"column":null}},"11":{"start":{"line":44,"column":4},"end":{"line":44,"column":null}},"12":{"start":{"line":47,"column":2},"end":{"line":47,"column":null}},"13":{"start":{"line":57,"column":15},"end":{"line":57,"column":74}},"14":{"start":{"line":58,"column":14},"end":{"line":58,"column":39}},"15":{"start":{"line":59,"column":15},"end":{"line":59,"column":42}},"16":{"start":{"line":60,"column":2},"end":{"line":60,"column":null}},"17":{"start":{"line":61,"column":2},"end":{"line":61,"column":null}},"18":{"start":{"line":62,"column":2},"end":{"line":62,"column":null}},"19":{"start":{"line":63,"column":2},"end":{"line":63,"column":null}},"20":{"start":{"line":64,"column":2},"end":{"line":64,"column":null}},"21":{"start":{"line":65,"column":2},"end":{"line":65,"column":null}},"22":{"start":{"line":76,"column":14},"end":{"line":76,"column":48}},"23":{"start":{"line":77,"column":2},"end":{"line":77,"column":null}},"24":{"start":{"line":102,"column":67},"end":{"line":134,"column":null}},"25":{"start":{"line":103,"column":41},"end":{"line":103,"column":57}},"26":{"start":{"line":104,"column":41},"end":{"line":104,"column":53}},"27":{"start":{"line":105,"column":37},"end":{"line":105,"column":45}},"28":{"start":{"line":106,"column":39},"end":{"line":106,"column":49}},"29":{"start":{"line":107,"column":49},"end":{"line":107,"column":64}},"30":{"start":{"line":108,"column":47},"end":{"line":108,"column":62}},"31":{"start":{"line":109,"column":41},"end":{"line":109,"column":49}},"32":{"start":{"line":110,"column":40},"end":{"line":110,"column":50}},"33":{"start":{"line":111,"column":41},"end":{"line":111,"column":52}},"34":{"start":{"line":112,"column":43},"end":{"line":112,"column":55}},"35":{"start":{"line":113,"column":46},"end":{"line":113,"column":61}},"36":{"start":{"line":116,"column":21},"end":{"line":116,"column":null}},"37":{"start":{"line":117,"column":20},"end":{"line":117,"column":null}},"38":{"start":{"line":121,"column":21},"end":{"line":121,"column":null}},"39":{"start":{"line":122,"column":20},"end":{"line":122,"column":null}},"40":{"start":{"line":126,"column":21},"end":{"line":126,"column":null}},"41":{"start":{"line":127,"column":20},"end":{"line":127,"column":null}},"42":{"start":{"line":131,"column":21},"end":{"line":131,"column":null}},"43":{"start":{"line":132,"column":20},"end":{"line":132,"column":null}},"44":{"start":{"line":142,"column":71},"end":{"line":150,"column":null}},"45":{"start":{"line":143,"column":45},"end":{"line":143,"column":59}},"46":{"start":{"line":144,"column":40},"end":{"line":144,"column":50}},"47":{"start":{"line":147,"column":21},"end":{"line":147,"column":null}},"48":{"start":{"line":148,"column":20},"end":{"line":148,"column":null}},"49":{"start":{"line":160,"column":62},"end":{"line":166,"column":null}},"50":{"start":{"line":161,"column":37},"end":{"line":161,"column":45}},"51":{"start":{"line":162,"column":41},"end":{"line":162,"column":49}},"52":{"start":{"line":163,"column":40},"end":{"line":163,"column":50}},"53":{"start":{"line":164,"column":41},"end":{"line":164,"column":52}},"54":{"start":{"line":165,"column":43},"end":{"line":165,"column":null}},"55":{"start":{"line":177,"column":19},"end":{"line":177,"column":55}},"56":{"start":{"line":178,"column":2},"end":{"line":178,"column":null}},"57":{"start":{"line":181,"column":18},"end":{"line":181,"column":65}},"58":{"start":{"line":182,"column":2},"end":{"line":182,"column":null}},"59":{"start":{"line":185,"column":22},"end":{"line":185,"column":54}},"60":{"start":{"line":186,"column":2},"end":{"line":186,"column":null}}},"fnMap":{"0":{"name":"toCSV","decl":{"start":{"line":15,"column":16},"end":{"line":15,"column":null}},"loc":{"start":{"line":23,"column":10},"end":{"line":47,"column":null}},"line":23},"1":{"name":"(anonymous_1)","decl":{"start":{"line":33,"column":22},"end":{"line":33,"column":27}},"loc":{"start":{"line":33,"column":35},"end":{"line":33,"column":53}},"line":33},"2":{"name":"(anonymous_2)","decl":{"start":{"line":38,"column":27},"end":{"line":38,"column":32}},"loc":{"start":{"line":38,"column":40},"end":{"line":43,"column":null}},"line":38},"3":{"name":"downloadCSV","decl":{"start":{"line":53,"column":16},"end":{"line":53,"column":null}},"loc":{"start":{"line":56,"column":8},"end":{"line":65,"column":null}},"line":56},"4":{"name":"exportToCSV","decl":{"start":{"line":71,"column":16},"end":{"line":71,"column":null}},"loc":{"start":{"line":75,"column":8},"end":{"line":77,"column":null}},"line":75},"5":{"name":"(anonymous_5)","decl":{"start":{"line":103,"column":24},"end":{"line":103,"column":35}},"loc":{"start":{"line":103,"column":41},"end":{"line":103,"column":57}},"line":103},"6":{"name":"(anonymous_6)","decl":{"start":{"line":104,"column":24},"end":{"line":104,"column":35}},"loc":{"start":{"line":104,"column":41},"end":{"line":104,"column":53}},"line":104},"7":{"name":"(anonymous_7)","decl":{"start":{"line":105,"column":20},"end":{"line":105,"column":31}},"loc":{"start":{"line":105,"column":37},"end":{"line":105,"column":45}},"line":105},"8":{"name":"(anonymous_8)","decl":{"start":{"line":106,"column":22},"end":{"line":106,"column":33}},"loc":{"start":{"line":106,"column":39},"end":{"line":106,"column":49}},"line":106},"9":{"name":"(anonymous_9)","decl":{"start":{"line":107,"column":32},"end":{"line":107,"column":43}},"loc":{"start":{"line":107,"column":49},"end":{"line":107,"column":64}},"line":107},"10":{"name":"(anonymous_10)","decl":{"start":{"line":108,"column":30},"end":{"line":108,"column":41}},"loc":{"start":{"line":108,"column":47},"end":{"line":108,"column":62}},"line":108},"11":{"name":"(anonymous_11)","decl":{"start":{"line":109,"column":24},"end":{"line":109,"column":35}},"loc":{"start":{"line":109,"column":41},"end":{"line":109,"column":49}},"line":109},"12":{"name":"(anonymous_12)","decl":{"start":{"line":110,"column":23},"end":{"line":110,"column":34}},"loc":{"start":{"line":110,"column":40},"end":{"line":110,"column":50}},"line":110},"13":{"name":"(anonymous_13)","decl":{"start":{"line":111,"column":24},"end":{"line":111,"column":35}},"loc":{"start":{"line":111,"column":41},"end":{"line":111,"column":52}},"line":111},"14":{"name":"(anonymous_14)","decl":{"start":{"line":112,"column":26},"end":{"line":112,"column":37}},"loc":{"start":{"line":112,"column":43},"end":{"line":112,"column":55}},"line":112},"15":{"name":"(anonymous_15)","decl":{"start":{"line":113,"column":29},"end":{"line":113,"column":40}},"loc":{"start":{"line":113,"column":46},"end":{"line":113,"column":61}},"line":113},"16":{"name":"(anonymous_16)","decl":{"start":{"line":116,"column":4},"end":{"line":116,"column":15}},"loc":{"start":{"line":116,"column":21},"end":{"line":116,"column":null}},"line":116},"17":{"name":"(anonymous_17)","decl":{"start":{"line":117,"column":4},"end":{"line":117,"column":13}},"loc":{"start":{"line":117,"column":20},"end":{"line":117,"column":null}},"line":117},"18":{"name":"(anonymous_18)","decl":{"start":{"line":121,"column":4},"end":{"line":121,"column":15}},"loc":{"start":{"line":121,"column":21},"end":{"line":121,"column":null}},"line":121},"19":{"name":"(anonymous_19)","decl":{"start":{"line":122,"column":4},"end":{"line":122,"column":13}},"loc":{"start":{"line":122,"column":20},"end":{"line":122,"column":null}},"line":122},"20":{"name":"(anonymous_20)","decl":{"start":{"line":126,"column":4},"end":{"line":126,"column":15}},"loc":{"start":{"line":126,"column":21},"end":{"line":126,"column":null}},"line":126},"21":{"name":"(anonymous_21)","decl":{"start":{"line":127,"column":4},"end":{"line":127,"column":13}},"loc":{"start":{"line":127,"column":20},"end":{"line":127,"column":null}},"line":127},"22":{"name":"(anonymous_22)","decl":{"start":{"line":131,"column":4},"end":{"line":131,"column":15}},"loc":{"start":{"line":131,"column":21},"end":{"line":131,"column":null}},"line":131},"23":{"name":"(anonymous_23)","decl":{"start":{"line":132,"column":4},"end":{"line":132,"column":13}},"loc":{"start":{"line":132,"column":20},"end":{"line":132,"column":null}},"line":132},"24":{"name":"(anonymous_24)","decl":{"start":{"line":143,"column":28},"end":{"line":143,"column":39}},"loc":{"start":{"line":143,"column":45},"end":{"line":143,"column":59}},"line":143},"25":{"name":"(anonymous_25)","decl":{"start":{"line":144,"column":23},"end":{"line":144,"column":34}},"loc":{"start":{"line":144,"column":40},"end":{"line":144,"column":50}},"line":144},"26":{"name":"(anonymous_26)","decl":{"start":{"line":147,"column":4},"end":{"line":147,"column":15}},"loc":{"start":{"line":147,"column":21},"end":{"line":147,"column":null}},"line":147},"27":{"name":"(anonymous_27)","decl":{"start":{"line":148,"column":4},"end":{"line":148,"column":13}},"loc":{"start":{"line":148,"column":20},"end":{"line":148,"column":null}},"line":148},"28":{"name":"(anonymous_28)","decl":{"start":{"line":161,"column":20},"end":{"line":161,"column":31}},"loc":{"start":{"line":161,"column":37},"end":{"line":161,"column":45}},"line":161},"29":{"name":"(anonymous_29)","decl":{"start":{"line":162,"column":24},"end":{"line":162,"column":35}},"loc":{"start":{"line":162,"column":41},"end":{"line":162,"column":49}},"line":162},"30":{"name":"(anonymous_30)","decl":{"start":{"line":163,"column":23},"end":{"line":163,"column":34}},"loc":{"start":{"line":163,"column":40},"end":{"line":163,"column":50}},"line":163},"31":{"name":"(anonymous_31)","decl":{"start":{"line":164,"column":24},"end":{"line":164,"column":35}},"loc":{"start":{"line":164,"column":41},"end":{"line":164,"column":52}},"line":164},"32":{"name":"(anonymous_32)","decl":{"start":{"line":165,"column":26},"end":{"line":165,"column":37}},"loc":{"start":{"line":165,"column":43},"end":{"line":165,"column":null}},"line":165},"33":{"name":"exportCampaignReport","decl":{"start":{"line":171,"column":16},"end":{"line":171,"column":null}},"loc":{"start":{"line":175,"column":8},"end":{"line":186,"column":null}},"line":175}},"branchMap":{"0":{"loc":{"start":{"line":18,"column":2},"end":{"line":22,"column":8}},"type":"default-arg","locations":[{"start":{"line":22,"column":6},"end":{"line":22,"column":8}}],"line":18},"1":{"loc":{"start":{"line":24,"column":10},"end":{"line":24,"column":27}},"type":"default-arg","locations":[{"start":{"line":24,"column":22},"end":{"line":24,"column":27}}],"line":24},"2":{"loc":{"start":{"line":24,"column":27},"end":{"line":24,"column":52}},"type":"default-arg","locations":[{"start":{"line":24,"column":43},"end":{"line":24,"column":52}}],"line":24},"3":{"loc":{"start":{"line":32,"column":2},"end":{"line":33,"column":null}},"type":"if","locations":[{"start":{"line":32,"column":2},"end":{"line":33,"column":null}},{"start":{},"end":{}}],"line":32},"4":{"loc":{"start":{"line":40,"column":24},"end":{"line":40,"column":76}},"type":"cond-expr","locations":[{"start":{"line":40,"column":37},"end":{"line":40,"column":54}},{"start":{"line":40,"column":57},"end":{"line":40,"column":76}}],"line":40},"5":{"loc":{"start":{"line":40,"column":64},"end":{"line":40,"column":76}},"type":"binary-expr","locations":[{"start":{"line":40,"column":64},"end":{"line":40,"column":73}},{"start":{"line":40,"column":73},"end":{"line":40,"column":76}}],"line":40},"6":{"loc":{"start":{"line":55,"column":2},"end":{"line":55,"column":null}},"type":"default-arg","locations":[{"start":{"line":55,"column":21},"end":{"line":55,"column":null}}],"line":55},"7":{"loc":{"start":{"line":74,"column":2},"end":{"line":74,"column":null}},"type":"default-arg","locations":[{"start":{"line":74,"column":21},"end":{"line":74,"column":null}}],"line":74}},"s":{"0":0,"1":0,"2":0,"3":0,"4":0,"5":0,"6":0,"7":0,"8":0,"9":0,"10":0,"11":0,"12":0,"13":0,"14":0,"15":0,"16":0,"17":0,"18":0,"19":0,"20":0,"21":0,"22":0,"23":0,"24":0,"25":0,"26":0,"27":0,"28":0,"29":0,"30":0,"31":0,"32":0,"33":0,"34":0,"35":0,"36":0,"37":0,"38":0,"39":0,"40":0,"41":0,"42":0,"43":0,"44":0,"45":0,"46":0,"47":0,"48":0,"49":0,"50":0,"51":0,"52":0,"53":0,"54":0,"55":0,"56":0,"57":0,"58":0,"59":0,"60":0},"f":{"0":0,"1":0,"2":0,"3":0,"4":0,"5":0,"6":0,"7":0,"8":0,"9":0,"10":0,"11":0,"12":0,"13":0,"14":0,"15":0,"16":0,"17":0,"18":0,"19":0,"20":0,"21":0,"22":0,"23":0,"24":0,"25":0,"26":0,"27":0,"28":0,"29":0,"30":0,"31":0,"32":0,"33":0},"b":{"0":[0],"1":[0],"2":[0],"3":[0,0],"4":[0,0],"5":[0,0],"6":[0],"7":[0]},"meta":{"lastBranch":8,"lastFunction":34,"lastStatement":61,"seen":{"f:15:16:15:Infinity":0,"b:22:6:22:8":0,"s:24:52:24:Infinity":0,"b:24:22:24:27":1,"b:24:43:24:52":2,"s:26:25:26:27":1,"s:29:2:29:Infinity":2,"b:32:2:33:Infinity:undefined:undefined:undefined:undefined":3,"s:32:2:33:Infinity":3,"s:33:4:33:Infinity":4,"f:33:22:33:27":1,"s:33:35:33:53":5,"s:37:2:44:Infinity":6,"s:38:19:43:Infinity":7,"f:38:27:38:32":2,"s:39:20:39:38":8,"s:40:24:40:76":9,"b:40:37:40:54:40:57:40:76":4,"b:40:64:40:73:40:73:40:76":5,"s:42:6:42:Infinity":10,"s:44:4:44:Infinity":11,"s:47:2:47:Infinity":12,"f:53:16:53:Infinity":3,"b:55:21:55:Infinity":6,"s:57:15:57:74":13,"s:58:14:58:39":14,"s:59:15:59:42":15,"s:60:2:60:Infinity":16,"s:61:2:61:Infinity":17,"s:62:2:62:Infinity":18,"s:63:2:63:Infinity":19,"s:64:2:64:Infinity":20,"s:65:2:65:Infinity":21,"f:71:16:71:Infinity":4,"b:74:21:74:Infinity":7,"s:76:14:76:48":22,"s:77:2:77:Infinity":23,"s:102:67:134:Infinity":24,"f:103:24:103:35":5,"s:103:41:103:57":25,"f:104:24:104:35":6,"s:104:41:104:53":26,"f:105:20:105:31":7,"s:105:37:105:45":27,"f:106:22:106:33":8,"s:106:39:106:49":28,"f:107:32:107:43":9,"s:107:49:107:64":29,"f:108:30:108:41":10,"s:108:47:108:62":30,"f:109:24:109:35":11,"s:109:41:109:49":31,"f:110:23:110:34":12,"s:110:40:110:50":32,"f:111:24:111:35":13,"s:111:41:111:52":33,"f:112:26:112:37":14,"s:112:43:112:55":34,"f:113:29:113:40":15,"s:113:46:113:61":35,"f:116:4:116:15":16,"s:116:21:116:Infinity":36,"f:117:4:117:13":17,"s:117:20:117:Infinity":37,"f:121:4:121:15":18,"s:121:21:121:Infinity":38,"f:122:4:122:13":19,"s:122:20:122:Infinity":39,"f:126:4:126:15":20,"s:126:21:126:Infinity":40,"f:127:4:127:13":21,"s:127:20:127:Infinity":41,"f:131:4:131:15":22,"s:131:21:131:Infinity":42,"f:132:4:132:13":23,"s:132:20:132:Infinity":43,"s:142:71:150:Infinity":44,"f:143:28:143:39":24,"s:143:45:143:59":45,"f:144:23:144:34":25,"s:144:40:144:50":46,"f:147:4:147:15":26,"s:147:21:147:Infinity":47,"f:148:4:148:13":27,"s:148:20:148:Infinity":48,"s:160:62:166:Infinity":49,"f:161:20:161:31":28,"s:161:37:161:45":50,"f:162:24:162:35":29,"s:162:41:162:49":51,"f:163:23:163:34":30,"s:163:40:163:50":52,"f:164:24:164:35":31,"s:164:41:164:52":53,"f:165:26:165:37":32,"s:165:43:165:Infinity":54,"f:171:16:171:Infinity":33,"s:177:19:177:55":55,"s:178:2:178:Infinity":56,"s:181:18:181:65":57,"s:182:2:182:Infinity":58,"s:185:22:185:54":59,"s:186:2:186:Infinity":60}}}
,"C:\\Users\\raoni\\Meu Drive\\Documentos\\Site Antiphishing\\React\\phishguard\\src\\lib\\supabase.ts": {"path":"C:\\Users\\raoni\\Meu Drive\\Documentos\\Site Antiphishing\\React\\phishguard\\src\\lib\\supabase.ts","statementMap":{"0":{"start":{"line":13,"column":20},"end":{"line":13,"column":null}},"1":{"start":{"line":14,"column":24},"end":{"line":14,"column":null}},"2":{"start":{"line":16,"column":0},"end":{"line":17,"column":null}},"3":{"start":{"line":17,"column":2},"end":{"line":17,"column":null}},"4":{"start":{"line":24,"column":13},"end":{"line":30,"column":2}}},"fnMap":{},"branchMap":{"0":{"loc":{"start":{"line":13,"column":20},"end":{"line":13,"column":null}},"type":"binary-expr","locations":[{"start":{"line":13,"column":20},"end":{"line":13,"column":57}},{"start":{"line":13,"column":57},"end":{"line":13,"column":null}}],"line":13},"1":{"loc":{"start":{"line":14,"column":24},"end":{"line":14,"column":null}},"type":"binary-expr","locations":[{"start":{"line":14,"column":24},"end":{"line":14,"column":66}},{"start":{"line":14,"column":66},"end":{"line":14,"column":null}}],"line":14},"2":{"loc":{"start":{"line":16,"column":0},"end":{"line":17,"column":null}},"type":"if","locations":[{"start":{"line":16,"column":0},"end":{"line":17,"column":null}},{"start":{},"end":{}}],"line":16},"3":{"loc":{"start":{"line":16,"column":4},"end":{"line":16,"column":38}},"type":"binary-expr","locations":[{"start":{"line":16,"column":4},"end":{"line":16,"column":20}},{"start":{"line":16,"column":20},"end":{"line":16,"column":38}}],"line":16}},"s":{"0":0,"1":0,"2":0,"3":0,"4":0},"f":{},"b":{"0":[0,0],"1":[0,0],"2":[0,0],"3":[0,0]},"meta":{"lastBranch":4,"lastFunction":0,"lastStatement":5,"seen":{"s:13:20:13:Infinity":0,"b:13:20:13:57:13:57:13:Infinity":0,"s:14:24:14:Infinity":1,"b:14:24:14:66:14:66:14:Infinity":1,"b:16:0:17:Infinity:undefined:undefined:undefined:undefined":2,"s:16:0:17:Infinity":2,"b:16:4:16:20:16:20:16:38":3,"s:17:2:17:Infinity":3,"s:24:13:30:2":4}}}
,"C:\\Users\\raoni\\Meu Drive\\Documentos\\Site Antiphishing\\React\\phishguard\\src\\lib\\utils.ts": {"path":"C:\\Users\\raoni\\Meu Drive\\Documentos\\Site Antiphishing\\React\\phishguard\\src\\lib\\utils.ts","statementMap":{"0":{"start":{"line":5,"column":2},"end":{"line":5,"column":null}}},"fnMap":{"0":{"name":"cn","decl":{"start":{"line":4,"column":16},"end":{"line":4,"column":19}},"loc":{"start":{"line":4,"column":44},"end":{"line":5,"column":null}},"line":4}},"branchMap":{},"s":{"0":0},"f":{"0":0},"b":{},"meta":{"lastBranch":0,"lastFunction":1,"lastStatement":1,"seen":{"f:4:16:4:19":0,"s:5:2:5:Infinity":0}}}
,"C:\\Users\\raoni\\Meu Drive\\Documentos\\Site Antiphishing\\React\\phishguard\\src\\lib\\auth\\getAuthHeader.ts": {"path":"C:\\Users\\raoni\\Meu Drive\\Documentos\\Site Antiphishing\\React\\phishguard\\src\\lib\\auth\\getAuthHeader.ts","statementMap":{"0":{"start":{"line":27,"column":32},"end":{"line":27,"column":64}},"1":{"start":{"line":29,"column":2},"end":{"line":30,"column":null}},"2":{"start":{"line":30,"column":4},"end":{"line":30,"column":null}},"3":{"start":{"line":33,"column":2},"end":{"line":35,"column":null}},"4":{"start":{"line":43,"column":32},"end":{"line":43,"column":64}},"5":{"start":{"line":44,"column":2},"end":{"line":44,"column":null}},"6":{"start":{"line":52,"column":32},"end":{"line":52,"column":64}},"7":{"start":{"line":53,"column":2},"end":{"line":53,"column":null}},"8":{"start":{"line":70,"column":32},"end":{"line":70,"column":64}},"9":{"start":{"line":72,"column":2},"end":{"line":73,"column":null}},"10":{"start":{"line":73,"column":4},"end":{"line":73,"column":null}},"11":{"start":{"line":77,"column":18},"end":{"line":77,"column":55}},"12":{"start":{"line":78,"column":2},"end":{"line":80,"column":null}},"13":{"start":{"line":79,"column":4},"end":{"line":79,"column":null}},"14":{"start":{"line":80,"column":4},"end":{"line":80,"column":null}},"15":{"start":{"line":83,"column":17},"end":{"line":83,"column":69}},"16":{"start":{"line":83,"column":45},"end":{"line":83,"column":69}},"17":{"start":{"line":86,"column":28},"end":{"line":90,"column":13}},"18":{"start":{"line":92,"column":2},"end":{"line":93,"column":null}},"19":{"start":{"line":93,"column":4},"end":{"line":93,"column":null}},"20":{"start":{"line":96,"column":2},"end":{"line":96,"column":null}}},"fnMap":{"0":{"name":"getAuthHeader","decl":{"start":{"line":26,"column":22},"end":{"line":26,"column":71}},"loc":{"start":{"line":26,"column":71},"end":{"line":35,"column":null}},"line":26},"1":{"name":"getAccessToken","decl":{"start":{"line":42,"column":22},"end":{"line":42,"column":63}},"loc":{"start":{"line":42,"column":63},"end":{"line":44,"column":null}},"line":42},"2":{"name":"isAuthenticated","decl":{"start":{"line":51,"column":22},"end":{"line":51,"column":58}},"loc":{"start":{"line":51,"column":58},"end":{"line":53,"column":null}},"line":51},"3":{"name":"checkMfaStatus","decl":{"start":{"line":69,"column":22},"end":{"line":69,"column":68}},"loc":{"start":{"line":69,"column":68},"end":{"line":96,"column":null}},"line":69},"4":{"name":"(anonymous_4)","decl":{"start":{"line":83,"column":35},"end":{"line":83,"column":40}},"loc":{"start":{"line":83,"column":45},"end":{"line":83,"column":69}},"line":83}},"branchMap":{"0":{"loc":{"start":{"line":29,"column":2},"end":{"line":30,"column":null}},"type":"if","locations":[{"start":{"line":29,"column":2},"end":{"line":30,"column":null}},{"start":{},"end":{}}],"line":29},"1":{"loc":{"start":{"line":44,"column":9},"end":{"line":44,"column":null}},"type":"binary-expr","locations":[{"start":{"line":44,"column":9},"end":{"line":44,"column":34}},{"start":{"line":44,"column":34},"end":{"line":44,"column":null}}],"line":44},"2":{"loc":{"start":{"line":53,"column":9},"end":{"line":53,"column":null}},"type":"binary-expr","locations":[{"start":{"line":53,"column":9},"end":{"line":53,"column":29}},{"start":{"line":53,"column":29},"end":{"line":53,"column":null}}],"line":53},"3":{"loc":{"start":{"line":72,"column":2},"end":{"line":73,"column":null}},"type":"if","locations":[{"start":{"line":72,"column":2},"end":{"line":73,"column":null}},{"start":{},"end":{}}],"line":72},"4":{"loc":{"start":{"line":78,"column":2},"end":{"line":80,"column":null}},"type":"if","locations":[{"start":{"line":78,"column":2},"end":{"line":80,"column":null}},{"start":{},"end":{}}],"line":78},"5":{"loc":{"start":{"line":92,"column":2},"end":{"line":93,"column":null}},"type":"if","locations":[{"start":{"line":92,"column":2},"end":{"line":93,"column":null}},{"start":{},"end":{}}],"line":92},"6":{"loc":{"start":{"line":92,"column":6},"end":{"line":92,"column":44}},"type":"binary-expr","locations":[{"start":{"line":92,"column":6},"end":{"line":92,"column":35}},{"start":{"line":92,"column":35},"end":{"line":92,"column":44}}],"line":92}},"s":{"0":0,"1":0,"2":0,"3":0,"4":0,"5":0,"6":0,"7":0,"8":0,"9":0,"10":0,"11":0,"12":0,"13":0,"14":0,"15":0,"16":0,"17":0,"18":0,"19":0,"20":0},"f":{"0":0,"1":0,"2":0,"3":0,"4":0},"b":{"0":[0,0],"1":[0,0],"2":[0,0],"3":[0,0],"4":[0,0],"5":[0,0],"6":[0,0]},"meta":{"lastBranch":7,"lastFunction":5,"lastStatement":21,"seen":{"f:26:22:26:71":0,"s:27:32:27:64":0,"b:29:2:30:Infinity:undefined:undefined:undefined:undefined":0,"s:29:2:30:Infinity":1,"s:30:4:30:Infinity":2,"s:33:2:35:Infinity":3,"f:42:22:42:63":1,"s:43:32:43:64":4,"s:44:2:44:Infinity":5,"b:44:9:44:34:44:34:44:Infinity":1,"f:51:22:51:58":2,"s:52:32:52:64":6,"s:53:2:53:Infinity":7,"b:53:9:53:29:53:29:53:Infinity":2,"f:69:22:69:68":3,"s:70:32:70:64":8,"b:72:2:73:Infinity:undefined:undefined:undefined:undefined":3,"s:72:2:73:Infinity":9,"s:73:4:73:Infinity":10,"s:77:18:77:55":11,"b:78:2:80:Infinity:undefined:undefined:undefined:undefined":4,"s:78:2:80:Infinity":12,"s:79:4:79:Infinity":13,"s:80:4:80:Infinity":14,"s:83:17:83:69":15,"f:83:35:83:40":4,"s:83:45:83:69":16,"s:86:28:90:13":17,"b:92:2:93:Infinity:undefined:undefined:undefined:undefined":5,"s:92:2:93:Infinity":18,"b:92:6:92:35:92:35:92:44":6,"s:93:4:93:Infinity":19,"s:96:2:96:Infinity":20}}}
,"C:\\Users\\raoni\\Meu Drive\\Documentos\\Site Antiphishing\\React\\phishguard\\src\\lib\\auth\\index.ts": {"path":"C:\\Users\\raoni\\Meu Drive\\Documentos\\Site Antiphishing\\React\\phishguard\\src\\lib\\auth\\index.ts","statementMap":{},"fnMap":{},"branchMap":{},"s":{},"f":{},"b":{},"meta":{"lastBranch":0,"lastFunction":0,"lastStatement":0,"seen":{}}}
,"C:\\Users\\raoni\\Meu Drive\\Documentos\\Site Antiphishing\\React\\phishguard\\src\\lib\\auth\\mfa.ts": {"path":"C:\\Users\\raoni\\Meu Drive\\Documentos\\Site Antiphishing\\React\\phishguard\\src\\lib\\auth\\mfa.ts","statementMap":{"0":{"start":{"line":48,"column":26},"end":{"line":48,"column":63}},"1":{"start":{"line":50,"column":2},"end":{"line":51,"column":null}},"2":{"start":{"line":51,"column":4},"end":{"line":51,"column":null}},"3":{"start":{"line":54,"column":2},"end":{"line":62,"column":null}},"4":{"start":{"line":55,"column":41},"end":{"line":60,"column":7}},"5":{"start":{"line":69,"column":22},"end":{"line":69,"column":44}},"6":{"start":{"line":70,"column":2},"end":{"line":70,"column":null}},"7":{"start":{"line":70,"column":27},"end":{"line":70,"column":51}},"8":{"start":{"line":78,"column":26},"end":{"line":81,"column":4}},"9":{"start":{"line":83,"column":2},"end":{"line":84,"column":null}},"10":{"start":{"line":84,"column":4},"end":{"line":84,"column":null}},"11":{"start":{"line":87,"column":2},"end":{"line":88,"column":null}},"12":{"start":{"line":88,"column":4},"end":{"line":88,"column":null}},"13":{"start":{"line":92,"column":20},"end":{"line":92,"column":null}},"14":{"start":{"line":94,"column":2},"end":{"line":100,"column":null}},"15":{"start":{"line":110,"column":26},"end":{"line":114,"column":4}},"16":{"start":{"line":116,"column":2},"end":{"line":117,"column":null}},"17":{"start":{"line":117,"column":4},"end":{"line":117,"column":null}},"18":{"start":{"line":120,"column":2},"end":{"line":120,"column":null}},"19":{"start":{"line":131,"column":26},"end":{"line":131,"column":61}},"20":{"start":{"line":133,"column":2},"end":{"line":134,"column":null}},"21":{"start":{"line":134,"column":4},"end":{"line":134,"column":null}},"22":{"start":{"line":137,"column":2},"end":{"line":137,"column":null}},"23":{"start":{"line":149,"column":26},"end":{"line":149,"column":null}},"24":{"start":{"line":151,"column":2},"end":{"line":156,"column":null}},"25":{"start":{"line":152,"column":22},"end":{"line":152,"column":42}},"26":{"start":{"line":153,"column":4},"end":{"line":154,"column":null}},"27":{"start":{"line":154,"column":6},"end":{"line":154,"column":null}},"28":{"start":{"line":156,"column":4},"end":{"line":156,"column":null}},"29":{"start":{"line":159,"column":26},"end":{"line":163,"column":4}},"30":{"start":{"line":165,"column":2},"end":{"line":166,"column":null}},"31":{"start":{"line":166,"column":4},"end":{"line":166,"column":null}},"32":{"start":{"line":169,"column":2},"end":{"line":169,"column":null}},"33":{"start":{"line":176,"column":26},"end":{"line":176,"column":72}},"34":{"start":{"line":178,"column":2},"end":{"line":179,"column":null}},"35":{"start":{"line":179,"column":4},"end":{"line":179,"column":null}},"36":{"start":{"line":182,"column":2},"end":{"line":182,"column":null}},"37":{"start":{"line":195,"column":29},"end":{"line":195,"column":58}},"38":{"start":{"line":197,"column":2},"end":{"line":198,"column":null}},"39":{"start":{"line":198,"column":4},"end":{"line":198,"column":null}},"40":{"start":{"line":202,"column":28},"end":{"line":206,"column":13}},"41":{"start":{"line":208,"column":18},"end":{"line":208,"column":null}},"42":{"start":{"line":209,"column":17},"end":{"line":209,"column":38}},"43":{"start":{"line":211,"column":2},"end":{"line":215,"column":null}},"44":{"start":{"line":223,"column":43},"end":{"line":223,"column":67}},"45":{"start":{"line":225,"column":2},"end":{"line":226,"column":null}},"46":{"start":{"line":226,"column":4},"end":{"line":226,"column":null}},"47":{"start":{"line":229,"column":2},"end":{"line":234,"column":null}},"48":{"start":{"line":230,"column":4},"end":{"line":234,"column":null}},"49":{"start":{"line":237,"column":2},"end":{"line":237,"column":null}}},"fnMap":{"0":{"name":"listMfaFactors","decl":{"start":{"line":39,"column":22},"end":{"line":39,"column":null}},"loc":{"start":{"line":47,"column":3},"end":{"line":62,"column":null}},"line":47},"1":{"name":"(anonymous_1)","decl":{"start":{"line":55,"column":31},"end":{"line":55,"column":35}},"loc":{"start":{"line":55,"column":41},"end":{"line":60,"column":7}},"line":55},"2":{"name":"hasMfaEnabled","decl":{"start":{"line":68,"column":22},"end":{"line":68,"column":56}},"loc":{"start":{"line":68,"column":56},"end":{"line":70,"column":null}},"line":68},"3":{"name":"(anonymous_3)","decl":{"start":{"line":70,"column":17},"end":{"line":70,"column":22}},"loc":{"start":{"line":70,"column":27},"end":{"line":70,"column":51}},"line":70},"4":{"name":"enrollMfa","decl":{"start":{"line":77,"column":22},"end":{"line":77,"column":60}},"loc":{"start":{"line":77,"column":60},"end":{"line":100,"column":null}},"line":77},"5":{"name":"verifyMfaEnrollment","decl":{"start":{"line":106,"column":22},"end":{"line":106,"column":null}},"loc":{"start":{"line":109,"column":58},"end":{"line":120,"column":null}},"line":109},"6":{"name":"challengeMfa","decl":{"start":{"line":127,"column":22},"end":{"line":127,"column":null}},"loc":{"start":{"line":130,"column":3},"end":{"line":137,"column":null}},"line":130},"7":{"name":"verifyMfaChallenge","decl":{"start":{"line":143,"column":22},"end":{"line":143,"column":null}},"loc":{"start":{"line":147,"column":59},"end":{"line":169,"column":null}},"line":147},"8":{"name":"unenrollMfa","decl":{"start":{"line":175,"column":22},"end":{"line":175,"column":34}},"loc":{"start":{"line":175,"column":108},"end":{"line":182,"column":null}},"line":175},"9":{"name":"adminRequiresMfa","decl":{"start":{"line":189,"column":22},"end":{"line":189,"column":null}},"loc":{"start":{"line":193,"column":3},"end":{"line":215,"column":null}},"line":193},"10":{"name":"enforceAdminMfa","decl":{"start":{"line":222,"column":22},"end":{"line":222,"column":69}},"loc":{"start":{"line":222,"column":69},"end":{"line":237,"column":null}},"line":222}},"branchMap":{"0":{"loc":{"start":{"line":50,"column":2},"end":{"line":51,"column":null}},"type":"if","locations":[{"start":{"line":50,"column":2},"end":{"line":51,"column":null}},{"start":{},"end":{}}],"line":50},"1":{"loc":{"start":{"line":55,"column":14},"end":{"line":55,"column":29}},"type":"binary-expr","locations":[{"start":{"line":55,"column":14},"end":{"line":55,"column":27}},{"start":{"line":55,"column":27},"end":{"line":55,"column":29}}],"line":55},"2":{"loc":{"start":{"line":83,"column":2},"end":{"line":84,"column":null}},"type":"if","locations":[{"start":{"line":83,"column":2},"end":{"line":84,"column":null}},{"start":{},"end":{}}],"line":83},"3":{"loc":{"start":{"line":87,"column":2},"end":{"line":88,"column":null}},"type":"if","locations":[{"start":{"line":87,"column":2},"end":{"line":88,"column":null}},{"start":{},"end":{}}],"line":87},"4":{"loc":{"start":{"line":116,"column":2},"end":{"line":117,"column":null}},"type":"if","locations":[{"start":{"line":116,"column":2},"end":{"line":117,"column":null}},{"start":{},"end":{}}],"line":116},"5":{"loc":{"start":{"line":133,"column":2},"end":{"line":134,"column":null}},"type":"if","locations":[{"start":{"line":133,"column":2},"end":{"line":134,"column":null}},{"start":{},"end":{}}],"line":133},"6":{"loc":{"start":{"line":151,"column":2},"end":{"line":156,"column":null}},"type":"if","locations":[{"start":{"line":151,"column":2},"end":{"line":156,"column":null}},{"start":{},"end":{}}],"line":151},"7":{"loc":{"start":{"line":153,"column":4},"end":{"line":154,"column":null}},"type":"if","locations":[{"start":{"line":153,"column":4},"end":{"line":154,"column":null}},{"start":{},"end":{}}],"line":153},"8":{"loc":{"start":{"line":153,"column":8},"end":{"line":153,"column":51}},"type":"binary-expr","locations":[{"start":{"line":153,"column":8},"end":{"line":153,"column":27}},{"start":{"line":153,"column":27},"end":{"line":153,"column":51}}],"line":153},"9":{"loc":{"start":{"line":165,"column":2},"end":{"line":166,"column":null}},"type":"if","locations":[{"start":{"line":165,"column":2},"end":{"line":166,"column":null}},{"start":{},"end":{}}],"line":165},"10":{"loc":{"start":{"line":178,"column":2},"end":{"line":179,"column":null}},"type":"if","locations":[{"start":{"line":178,"column":2},"end":{"line":179,"column":null}},{"start":{},"end":{}}],"line":178},"11":{"loc":{"start":{"line":197,"column":2},"end":{"line":198,"column":null}},"type":"if","locations":[{"start":{"line":197,"column":2},"end":{"line":198,"column":null}},{"start":{},"end":{}}],"line":197},"12":{"loc":{"start":{"line":212,"column":17},"end":{"line":212,"column":null}},"type":"binary-expr","locations":[{"start":{"line":212,"column":17},"end":{"line":212,"column":28}},{"start":{"line":212,"column":28},"end":{"line":212,"column":null}}],"line":212},"13":{"loc":{"start":{"line":225,"column":2},"end":{"line":226,"column":null}},"type":"if","locations":[{"start":{"line":225,"column":2},"end":{"line":226,"column":null}},{"start":{},"end":{}}],"line":225},"14":{"loc":{"start":{"line":229,"column":2},"end":{"line":234,"column":null}},"type":"if","locations":[{"start":{"line":229,"column":2},"end":{"line":234,"column":null}},{"start":{},"end":{}}],"line":229}},"s":{"0":0,"1":0,"2":0,"3":0,"4":0,"5":0,"6":0,"7":0,"8":0,"9":0,"10":0,"11":0,"12":0,"13":0,"14":0,"15":0,"16":0,"17":0,"18":0,"19":0,"20":0,"21":0,"22":0,"23":0,"24":0,"25":0,"26":0,"27":0,"28":0,"29":0,"30":0,"31":0,"32":0,"33":0,"34":0,"35":0,"36":0,"37":0,"38":0,"39":0,"40":0,"41":0,"42":0,"43":0,"44":0,"45":0,"46":0,"47":0,"48":0,"49":0},"f":{"0":0,"1":0,"2":0,"3":0,"4":0,"5":0,"6":0,"7":0,"8":0,"9":0,"10":0},"b":{"0":[0,0],"1":[0,0],"2":[0,0],"3":[0,0],"4":[0,0],"5":[0,0],"6":[0,0],"7":[0,0],"8":[0,0],"9":[0,0],"10":[0,0],"11":[0,0],"12":[0,0],"13":[0,0],"14":[0,0]},"meta":{"lastBranch":15,"lastFunction":11,"lastStatement":50,"seen":{"f:39:22:39:Infinity":0,"s:48:26:48:63":0,"b:50:2:51:Infinity:undefined:undefined:undefined:undefined":0,"s:50:2:51:Infinity":1,"s:51:4:51:Infinity":2,"s:54:2:62:Infinity":3,"b:55:14:55:27:55:27:55:29":1,"f:55:31:55:35":1,"s:55:41:60:7":4,"f:68:22:68:56":2,"s:69:22:69:44":5,"s:70:2:70:Infinity":6,"f:70:17:70:22":3,"s:70:27:70:51":7,"f:77:22:77:60":4,"s:78:26:81:4":8,"b:83:2:84:Infinity:undefined:undefined:undefined:undefined":2,"s:83:2:84:Infinity":9,"s:84:4:84:Infinity":10,"b:87:2:88:Infinity:undefined:undefined:undefined:undefined":3,"s:87:2:88:Infinity":11,"s:88:4:88:Infinity":12,"s:92:20:92:Infinity":13,"s:94:2:100:Infinity":14,"f:106:22:106:Infinity":5,"s:110:26:114:4":15,"b:116:2:117:Infinity:undefined:undefined:undefined:undefined":4,"s:116:2:117:Infinity":16,"s:117:4:117:Infinity":17,"s:120:2:120:Infinity":18,"f:127:22:127:Infinity":6,"s:131:26:131:61":19,"b:133:2:134:Infinity:undefined:undefined:undefined:undefined":5,"s:133:2:134:Infinity":20,"s:134:4:134:Infinity":21,"s:137:2:137:Infinity":22,"f:143:22:143:Infinity":7,"s:149:26:149:Infinity":23,"b:151:2:156:Infinity:undefined:undefined:undefined:undefined":6,"s:151:2:156:Infinity":24,"s:152:22:152:42":25,"b:153:4:154:Infinity:undefined:undefined:undefined:undefined":7,"s:153:4:154:Infinity":26,"b:153:8:153:27:153:27:153:51":8,"s:154:6:154:Infinity":27,"s:156:4:156:Infinity":28,"s:159:26:163:4":29,"b:165:2:166:Infinity:undefined:undefined:undefined:undefined":9,"s:165:2:166:Infinity":30,"s:166:4:166:Infinity":31,"s:169:2:169:Infinity":32,"f:175:22:175:34":8,"s:176:26:176:72":33,"b:178:2:179:Infinity:undefined:undefined:undefined:undefined":10,"s:178:2:179:Infinity":34,"s:179:4:179:Infinity":35,"s:182:2:182:Infinity":36,"f:189:22:189:Infinity":9,"s:195:29:195:58":37,"b:197:2:198:Infinity:undefined:undefined:undefined:undefined":11,"s:197:2:198:Infinity":38,"s:198:4:198:Infinity":39,"s:202:28:206:13":40,"s:208:18:208:Infinity":41,"s:209:17:209:38":42,"s:211:2:215:Infinity":43,"b:212:17:212:28:212:28:212:Infinity":12,"f:222:22:222:69":10,"s:223:43:223:67":44,"b:225:2:226:Infinity:undefined:undefined:undefined:undefined":13,"s:225:2:226:Infinity":45,"s:226:4:226:Infinity":46,"b:229:2:234:Infinity:undefined:undefined:undefined:undefined":14,"s:229:2:234:Infinity":47,"s:230:4:234:Infinity":48,"s:237:2:237:Infinity":49}}}
,"C:\\Users\\raoni\\Meu Drive\\Documentos\\Site Antiphishing\\React\\phishguard\\src\\lib\\auth\\mockAuth.ts": {"path":"C:\\Users\\raoni\\Meu Drive\\Documentos\\Site Antiphishing\\React\\phishguard\\src\\lib\\auth\\mockAuth.ts","statementMap":{"0":{"start":{"line":8,"column":20},"end":{"line":8,"column":null}},"1":{"start":{"line":29,"column":43},"end":{"line":29,"column":52}},"2":{"start":{"line":30,"column":41},"end":{"line":30,"column":null}},"3":{"start":{"line":34,"column":2},"end":{"line":47,"column":null}},"4":{"start":{"line":35,"column":19},"end":{"line":35,"column":52}},"5":{"start":{"line":36,"column":4},"end":{"line":43,"column":null}},"6":{"start":{"line":37,"column":21},"end":{"line":37,"column":39}},"7":{"start":{"line":39,"column":6},"end":{"line":43,"column":null}},"8":{"start":{"line":40,"column":8},"end":{"line":40,"column":null}},"9":{"start":{"line":41,"column":8},"end":{"line":41,"column":null}},"10":{"start":{"line":43,"column":8},"end":{"line":43,"column":null}},"11":{"start":{"line":47,"column":4},"end":{"line":47,"column":null}},"12":{"start":{"line":53,"column":2},"end":{"line":56,"column":null}},"13":{"start":{"line":54,"column":4},"end":{"line":54,"column":null}},"14":{"start":{"line":56,"column":4},"end":{"line":56,"column":null}},"15":{"start":{"line":62,"column":2},"end":{"line":62,"column":null}},"16":{"start":{"line":62,"column":32},"end":{"line":62,"column":56}},"17":{"start":{"line":65,"column":32},"end":{"line":138,"column":null}},"18":{"start":{"line":70,"column":4},"end":{"line":70,"column":null}},"19":{"start":{"line":71,"column":4},"end":{"line":71,"column":null}},"20":{"start":{"line":78,"column":4},"end":{"line":78,"column":null}},"21":{"start":{"line":79,"column":4},"end":{"line":79,"column":null}},"22":{"start":{"line":89,"column":42},"end":{"line":89,"column":null}},"23":{"start":{"line":91,"column":27},"end":{"line":97,"column":null}},"24":{"start":{"line":99,"column":33},"end":{"line":106,"column":null}},"25":{"start":{"line":108,"column":4},"end":{"line":108,"column":null}},"26":{"start":{"line":109,"column":4},"end":{"line":109,"column":null}},"27":{"start":{"line":110,"column":4},"end":{"line":110,"column":null}},"28":{"start":{"line":112,"column":4},"end":{"line":112,"column":null}},"29":{"start":{"line":119,"column":4},"end":{"line":119,"column":null}},"30":{"start":{"line":120,"column":4},"end":{"line":120,"column":null}},"31":{"start":{"line":121,"column":4},"end":{"line":121,"column":null}},"32":{"start":{"line":122,"column":4},"end":{"line":122,"column":null}},"33":{"start":{"line":129,"column":4},"end":{"line":129,"column":null}},"34":{"start":{"line":131,"column":4},"end":{"line":131,"column":null}},"35":{"start":{"line":132,"column":4},"end":{"line":132,"column":null}},"36":{"start":{"line":134,"column":4},"end":{"line":135,"column":null}},"37":{"start":{"line":135,"column":6},"end":{"line":135,"column":null}},"38":{"start":{"line":141,"column":0},"end":{"line":141,"column":null}}},"fnMap":{"0":{"name":"initFromStorage","decl":{"start":{"line":33,"column":9},"end":{"line":33,"column":33}},"loc":{"start":{"line":33,"column":33},"end":{"line":47,"column":null}},"line":33},"1":{"name":"saveToStorage","decl":{"start":{"line":52,"column":9},"end":{"line":52,"column":23}},"loc":{"start":{"line":52,"column":58},"end":{"line":56,"column":null}},"line":52},"2":{"name":"notifyListeners","decl":{"start":{"line":61,"column":9},"end":{"line":61,"column":33}},"loc":{"start":{"line":61,"column":33},"end":{"line":62,"column":null}},"line":61},"3":{"name":"(anonymous_3)","decl":{"start":{"line":62,"column":12},"end":{"line":62,"column":20}},"loc":{"start":{"line":62,"column":32},"end":{"line":62,"column":56}},"line":62},"4":{"name":"(anonymous_4)","decl":{"start":{"line":69,"column":14},"end":{"line":69,"column":91}},"loc":{"start":{"line":69,"column":91},"end":{"line":71,"column":null}},"line":69},"5":{"name":"(anonymous_5)","decl":{"start":{"line":77,"column":11},"end":{"line":77,"column":82}},"loc":{"start":{"line":77,"column":82},"end":{"line":79,"column":null}},"line":77},"6":{"name":"(anonymous_6)","decl":{"start":{"line":85,"column":10},"end":{"line":85,"column":17}},"loc":{"start":{"line":88,"column":8},"end":{"line":112,"column":null}},"line":88},"7":{"name":"(anonymous_7)","decl":{"start":{"line":118,"column":11},"end":{"line":118,"column":49}},"loc":{"start":{"line":118,"column":49},"end":{"line":122,"column":null}},"line":118},"8":{"name":"(anonymous_8)","decl":{"start":{"line":128,"column":2},"end":{"line":128,"column":22}},"loc":{"start":{"line":128,"column":69},"end":{"line":135,"column":null}},"line":128},"9":{"name":"(anonymous_9)","decl":{"start":{"line":134,"column":4},"end":{"line":134,"column":17}},"loc":{"start":{"line":134,"column":17},"end":{"line":135,"column":null}},"line":134}},"branchMap":{"0":{"loc":{"start":{"line":36,"column":4},"end":{"line":43,"column":null}},"type":"if","locations":[{"start":{"line":36,"column":4},"end":{"line":43,"column":null}},{"start":{},"end":{}}],"line":36},"1":{"loc":{"start":{"line":39,"column":6},"end":{"line":43,"column":null}},"type":"if","locations":[{"start":{"line":39,"column":6},"end":{"line":43,"column":null}},{"start":{"line":42,"column":13},"end":{"line":43,"column":null}}],"line":39},"2":{"loc":{"start":{"line":53,"column":2},"end":{"line":56,"column":null}},"type":"if","locations":[{"start":{"line":53,"column":2},"end":{"line":56,"column":null}},{"start":{"line":55,"column":9},"end":{"line":56,"column":null}}],"line":53},"3":{"loc":{"start":{"line":79,"column":27},"end":{"line":79,"column":57}},"type":"binary-expr","locations":[{"start":{"line":79,"column":27},"end":{"line":79,"column":51}},{"start":{"line":79,"column":51},"end":{"line":79,"column":57}}],"line":79},"4":{"loc":{"start":{"line":89,"column":19},"end":{"line":89,"column":42}},"type":"default-arg","locations":[{"start":{"line":89,"column":26},"end":{"line":89,"column":42}}],"line":89}},"s":{"0":0,"1":0,"2":0,"3":0,"4":0,"5":0,"6":0,"7":0,"8":0,"9":0,"10":0,"11":0,"12":0,"13":0,"14":0,"15":0,"16":0,"17":0,"18":0,"19":0,"20":0,"21":0,"22":0,"23":0,"24":0,"25":0,"26":0,"27":0,"28":0,"29":0,"30":0,"31":0,"32":0,"33":0,"34":0,"35":0,"36":0,"37":0,"38":0},"f":{"0":0,"1":0,"2":0,"3":0,"4":0,"5":0,"6":0,"7":0,"8":0,"9":0},"b":{"0":[0,0],"1":[0,0],"2":[0,0],"3":[0,0],"4":[0]},"meta":{"lastBranch":5,"lastFunction":10,"lastStatement":39,"seen":{"s:8:20:8:Infinity":0,"s:29:43:29:52":1,"s:30:41:30:Infinity":2,"f:33:9:33:33":0,"s:34:2:47:Infinity":3,"s:35:19:35:52":4,"b:36:4:43:Infinity:undefined:undefined:undefined:undefined":0,"s:36:4:43:Infinity":5,"s:37:21:37:39":6,"b:39:6:43:Infinity:42:13:43:Infinity":1,"s:39:6:43:Infinity":7,"s:40:8:40:Infinity":8,"s:41:8:41:Infinity":9,"s:43:8:43:Infinity":10,"s:47:4:47:Infinity":11,"f:52:9:52:23":1,"b:53:2:56:Infinity:55:9:56:Infinity":2,"s:53:2:56:Infinity":12,"s:54:4:54:Infinity":13,"s:56:4:56:Infinity":14,"f:61:9:61:33":2,"s:62:2:62:Infinity":15,"f:62:12:62:20":3,"s:62:32:62:56":16,"s:65:32:138:Infinity":17,"f:69:14:69:91":4,"s:70:4:70:Infinity":18,"s:71:4:71:Infinity":19,"f:77:11:77:82":5,"s:78:4:78:Infinity":20,"s:79:4:79:Infinity":21,"b:79:27:79:51:79:51:79:57":3,"f:85:10:85:17":6,"s:89:42:89:Infinity":22,"b:89:26:89:42":4,"s:91:27:97:Infinity":23,"s:99:33:106:Infinity":24,"s:108:4:108:Infinity":25,"s:109:4:109:Infinity":26,"s:110:4:110:Infinity":27,"s:112:4:112:Infinity":28,"f:118:11:118:49":7,"s:119:4:119:Infinity":29,"s:120:4:120:Infinity":30,"s:121:4:121:Infinity":31,"s:122:4:122:Infinity":32,"f:128:2:128:22":8,"s:129:4:129:Infinity":33,"s:131:4:131:Infinity":34,"s:132:4:132:Infinity":35,"s:134:4:135:Infinity":36,"f:134:4:134:17":9,"s:135:6:135:Infinity":37,"s:141:0:141:Infinity":38}}}
,"C:\\Users\\raoni\\Meu Drive\\Documentos\\Site Antiphishing\\React\\phishguard\\src\\lib\\auth\\rbac.ts": {"path":"C:\\Users\\raoni\\Meu Drive\\Documentos\\Site Antiphishing\\React\\phishguard\\src\\lib\\auth\\rbac.ts","statementMap":{"0":{"start":{"line":23,"column":18},"end":{"line":23,"column":40}},"1":{"start":{"line":24,"column":2},"end":{"line":24,"column":null}},"2":{"start":{"line":24,"column":16},"end":{"line":24,"column":null}},"3":{"start":{"line":27,"column":2},"end":{"line":28,"column":null}},"4":{"start":{"line":28,"column":4},"end":{"line":28,"column":null}},"5":{"start":{"line":31,"column":2},"end":{"line":31,"column":null}},"6":{"start":{"line":38,"column":18},"end":{"line":38,"column":40}},"7":{"start":{"line":39,"column":2},"end":{"line":39,"column":null}},"8":{"start":{"line":39,"column":16},"end":{"line":39,"column":null}},"9":{"start":{"line":41,"column":2},"end":{"line":42,"column":null}},"10":{"start":{"line":42,"column":4},"end":{"line":42,"column":null}},"11":{"start":{"line":45,"column":2},"end":{"line":45,"column":null}},"12":{"start":{"line":52,"column":18},"end":{"line":52,"column":40}},"13":{"start":{"line":53,"column":2},"end":{"line":53,"column":null}},"14":{"start":{"line":53,"column":16},"end":{"line":53,"column":null}},"15":{"start":{"line":55,"column":19},"end":{"line":55,"column":null}},"16":{"start":{"line":56,"column":2},"end":{"line":57,"column":null}},"17":{"start":{"line":56,"column":24},"end":{"line":56,"column":39}},"18":{"start":{"line":57,"column":4},"end":{"line":57,"column":null}},"19":{"start":{"line":60,"column":2},"end":{"line":60,"column":null}},"20":{"start":{"line":79,"column":2},"end":{"line":98,"column":null}},"21":{"start":{"line":80,"column":20},"end":{"line":80,"column":49}},"22":{"start":{"line":82,"column":4},"end":{"line":95,"column":null}},"23":{"start":{"line":84,"column":30},"end":{"line":84,"column":null}},"24":{"start":{"line":86,"column":6},"end":{"line":90,"column":null}},"25":{"start":{"line":88,"column":20},"end":{"line":88,"column":45}},"26":{"start":{"line":89,"column":25},"end":{"line":89,"column":null}},"27":{"start":{"line":90,"column":8},"end":{"line":90,"column":null}},"28":{"start":{"line":94,"column":27},"end":{"line":94,"column":null}},"29":{"start":{"line":95,"column":6},"end":{"line":95,"column":null}},"30":{"start":{"line":98,"column":4},"end":{"line":98,"column":null}},"31":{"start":{"line":106,"column":2},"end":{"line":121,"column":null}},"32":{"start":{"line":107,"column":20},"end":{"line":107,"column":45}},"33":{"start":{"line":109,"column":4},"end":{"line":118,"column":null}},"34":{"start":{"line":110,"column":30},"end":{"line":110,"column":null}},"35":{"start":{"line":112,"column":6},"end":{"line":115,"column":null}},"36":{"start":{"line":113,"column":20},"end":{"line":113,"column":45}},"37":{"start":{"line":114,"column":25},"end":{"line":114,"column":null}},"38":{"start":{"line":115,"column":8},"end":{"line":115,"column":null}},"39":{"start":{"line":118,"column":6},"end":{"line":118,"column":null}},"40":{"start":{"line":121,"column":4},"end":{"line":121,"column":null}},"41":{"start":{"line":130,"column":2},"end":{"line":130,"column":null}},"42":{"start":{"line":138,"column":2},"end":{"line":138,"column":null}}},"fnMap":{"0":{"name":"checkRole","decl":{"start":{"line":22,"column":22},"end":{"line":22,"column":32}},"loc":{"start":{"line":22,"column":81},"end":{"line":31,"column":null}},"line":22},"1":{"name":"checkAnyRole","decl":{"start":{"line":37,"column":22},"end":{"line":37,"column":35}},"loc":{"start":{"line":37,"column":79},"end":{"line":45,"column":null}},"line":37},"2":{"name":"checkAllRoles","decl":{"start":{"line":51,"column":22},"end":{"line":51,"column":36}},"loc":{"start":{"line":51,"column":80},"end":{"line":60,"column":null}},"line":51},"3":{"name":"(anonymous_3)","decl":{"start":{"line":56,"column":13},"end":{"line":56,"column":19}},"loc":{"start":{"line":56,"column":24},"end":{"line":56,"column":39}},"line":56},"4":{"name":"requireRole","decl":{"start":{"line":72,"column":16},"end":{"line":72,"column":null}},"loc":{"start":{"line":78,"column":2},"end":{"line":98,"column":null}},"line":78},"5":{"name":"roleLoader","decl":{"start":{"line":79,"column":24},"end":{"line":79,"column":35}},"loc":{"start":{"line":79,"column":61},"end":{"line":98,"column":null}},"line":79},"6":{"name":"requireAnyRole","decl":{"start":{"line":105,"column":16},"end":{"line":105,"column":31}},"loc":{"start":{"line":105,"column":46},"end":{"line":121,"column":null}},"line":105},"7":{"name":"anyRoleLoader","decl":{"start":{"line":106,"column":24},"end":{"line":106,"column":38}},"loc":{"start":{"line":106,"column":64},"end":{"line":121,"column":null}},"line":106},"8":{"name":"requireAdmin","decl":{"start":{"line":129,"column":16},"end":{"line":129,"column":29}},"loc":{"start":{"line":129,"column":87},"end":{"line":130,"column":null}},"line":129},"9":{"name":"requireUser","decl":{"start":{"line":137,"column":16},"end":{"line":137,"column":28}},"loc":{"start":{"line":137,"column":86},"end":{"line":138,"column":null}},"line":137}},"branchMap":{"0":{"loc":{"start":{"line":24,"column":2},"end":{"line":24,"column":null}},"type":"if","locations":[{"start":{"line":24,"column":2},"end":{"line":24,"column":null}},{"start":{},"end":{}}],"line":24},"1":{"loc":{"start":{"line":27,"column":2},"end":{"line":28,"column":null}},"type":"if","locations":[{"start":{"line":27,"column":2},"end":{"line":28,"column":null}},{"start":{},"end":{}}],"line":27},"2":{"loc":{"start":{"line":39,"column":2},"end":{"line":39,"column":null}},"type":"if","locations":[{"start":{"line":39,"column":2},"end":{"line":39,"column":null}},{"start":{},"end":{}}],"line":39},"3":{"loc":{"start":{"line":41,"column":2},"end":{"line":42,"column":null}},"type":"if","locations":[{"start":{"line":41,"column":2},"end":{"line":42,"column":null}},{"start":{},"end":{}}],"line":41},"4":{"loc":{"start":{"line":53,"column":2},"end":{"line":53,"column":null}},"type":"if","locations":[{"start":{"line":53,"column":2},"end":{"line":53,"column":null}},{"start":{},"end":{}}],"line":53},"5":{"loc":{"start":{"line":56,"column":2},"end":{"line":57,"column":null}},"type":"if","locations":[{"start":{"line":56,"column":2},"end":{"line":57,"column":null}},{"start":{},"end":{}}],"line":56},"6":{"loc":{"start":{"line":82,"column":4},"end":{"line":95,"column":null}},"type":"if","locations":[{"start":{"line":82,"column":4},"end":{"line":95,"column":null}},{"start":{},"end":{}}],"line":82},"7":{"loc":{"start":{"line":84,"column":30},"end":{"line":84,"column":null}},"type":"binary-expr","locations":[{"start":{"line":84,"column":30},"end":{"line":84,"column":50}},{"start":{"line":84,"column":50},"end":{"line":84,"column":null}}],"line":84},"8":{"loc":{"start":{"line":86,"column":6},"end":{"line":90,"column":null}},"type":"if","locations":[{"start":{"line":86,"column":6},"end":{"line":90,"column":null}},{"start":{},"end":{}}],"line":86},"9":{"loc":{"start":{"line":89,"column":25},"end":{"line":89,"column":null}},"type":"binary-expr","locations":[{"start":{"line":89,"column":25},"end":{"line":89,"column":46}},{"start":{"line":89,"column":46},"end":{"line":89,"column":null}}],"line":89},"10":{"loc":{"start":{"line":94,"column":27},"end":{"line":94,"column":null}},"type":"binary-expr","locations":[{"start":{"line":94,"column":27},"end":{"line":94,"column":54}},{"start":{"line":94,"column":54},"end":{"line":94,"column":null}}],"line":94},"11":{"loc":{"start":{"line":109,"column":4},"end":{"line":118,"column":null}},"type":"if","locations":[{"start":{"line":109,"column":4},"end":{"line":118,"column":null}},{"start":{},"end":{}}],"line":109},"12":{"loc":{"start":{"line":112,"column":6},"end":{"line":115,"column":null}},"type":"if","locations":[{"start":{"line":112,"column":6},"end":{"line":115,"column":null}},{"start":{},"end":{}}],"line":112}},"s":{"0":0,"1":0,"2":0,"3":0,"4":0,"5":0,"6":0,"7":0,"8":0,"9":0,"10":0,"11":0,"12":0,"13":0,"14":0,"15":0,"16":0,"17":0,"18":0,"19":0,"20":0,"21":0,"22":0,"23":0,"24":0,"25":0,"26":0,"27":0,"28":0,"29":0,"30":0,"31":0,"32":0,"33":0,"34":0,"35":0,"36":0,"37":0,"38":0,"39":0,"40":0,"41":0,"42":0},"f":{"0":0,"1":0,"2":0,"3":0,"4":0,"5":0,"6":0,"7":0,"8":0,"9":0},"b":{"0":[0,0],"1":[0,0],"2":[0,0],"3":[0,0],"4":[0,0],"5":[0,0],"6":[0,0],"7":[0,0],"8":[0,0],"9":[0,0],"10":[0,0],"11":[0,0],"12":[0,0]},"meta":{"lastBranch":13,"lastFunction":10,"lastStatement":43,"seen":{"f:22:22:22:32":0,"s:23:18:23:40":0,"b:24:2:24:Infinity:undefined:undefined:undefined:undefined":0,"s:24:2:24:Infinity":1,"s:24:16:24:Infinity":2,"b:27:2:28:Infinity:undefined:undefined:undefined:undefined":1,"s:27:2:28:Infinity":3,"s:28:4:28:Infinity":4,"s:31:2:31:Infinity":5,"f:37:22:37:35":1,"s:38:18:38:40":6,"b:39:2:39:Infinity:undefined:undefined:undefined:undefined":2,"s:39:2:39:Infinity":7,"s:39:16:39:Infinity":8,"b:41:2:42:Infinity:undefined:undefined:undefined:undefined":3,"
[...]
ll}},"99":{"start":{"line":500,"column":4},"end":{"line":527,"column":null}},"100":{"start":{"line":501,"column":23},"end":{"line":501,"column":null}},"101":{"start":{"line":502,"column":6},"end":{"line":502,"column":null}},"102":{"start":{"line":502,"column":20},"end":{"line":502,"column":null}},"103":{"start":{"line":504,"column":21},"end":{"line":504,"column":85}},"104":{"start":{"line":506,"column":6},"end":{"line":523,"column":null}},"105":{"start":{"line":507,"column":8},"end":{"line":507,"column":null}},"106":{"start":{"line":509,"column":30},"end":{"line":509,"column":null}},"107":{"start":{"line":510,"column":8},"end":{"line":523,"column":null}},"108":{"start":{"line":511,"column":10},"end":{"line":511,"column":null}},"109":{"start":{"line":513,"column":24},"end":{"line":513,"column":90}},"110":{"start":{"line":514,"column":30},"end":{"line":514,"column":72}},"111":{"start":{"line":515,"column":10},"end":{"line":523,"column":null}},"112":{"start":{"line":527,"column":6},"end":{"line":527,"column":null}},"113":{"start":{"line":530,"column":4},"end":{"line":530,"column":null}},"114":{"start":{"line":537,"column":4},"end":{"line":537,"column":null}},"115":{"start":{"line":537,"column":36},"end":{"line":537,"column":59}}},"fnMap":{"0":{"name":"generateWebhookSignature","decl":{"start":{"line":103,"column":16},"end":{"line":103,"column":41}},"loc":{"start":{"line":103,"column":82},"end":{"line":104,"column":null}},"line":103},"1":{"name":"verifyWebhookSignature","decl":{"start":{"line":115,"column":16},"end":{"line":115,"column":null}},"loc":{"start":{"line":119,"column":11},"end":{"line":129,"column":null}},"line":119},"2":{"name":"(anonymous_2)","decl":{"start":{"line":139,"column":2},"end":{"line":139,"column":14}},"loc":{"start":{"line":139,"column":33},"end":{"line":140,"column":null}},"line":139},"3":{"name":"(anonymous_3)","decl":{"start":{"line":157,"column":8},"end":{"line":157,"column":24}},"loc":{"start":{"line":157,"column":84},"end":{"line":176,"column":null}},"line":157},"4":{"name":"(anonymous_4)","decl":{"start":{"line":182,"column":8},"end":{"line":182,"column":null}},"loc":{"start":{"line":185,"column":22},"end":{"line":206,"column":null}},"line":185},"5":{"name":"(anonymous_5)","decl":{"start":{"line":212,"column":8},"end":{"line":212,"column":22}},"loc":{"start":{"line":212,"column":56},"end":{"line":220,"column":null}},"line":212},"6":{"name":"(anonymous_6)","decl":{"start":{"line":227,"column":8},"end":{"line":227,"column":42}},"loc":{"start":{"line":227,"column":42},"end":{"line":238,"column":null}},"line":227},"7":{"name":"(anonymous_7)","decl":{"start":{"line":247,"column":8},"end":{"line":247,"column":23}},"loc":{"start":{"line":247,"column":77},"end":{"line":271,"column":null}},"line":247},"8":{"name":"(anonymous_8)","decl":{"start":{"line":281,"column":8},"end":{"line":281,"column":null}},"loc":{"start":{"line":284,"column":34},"end":{"line":306,"column":null}},"line":284},"9":{"name":"(anonymous_9)","decl":{"start":{"line":303,"column":15},"end":{"line":303,"column":20}},"loc":{"start":{"line":303,"column":32},"end":{"line":303,"column":76}},"line":303},"10":{"name":"(anonymous_10)","decl":{"start":{"line":312,"column":16},"end":{"line":312,"column":null}},"loc":{"start":{"line":316,"column":32},"end":{"line":377,"column":null}},"line":316},"11":{"name":"(anonymous_11)","decl":{"start":{"line":383,"column":16},"end":{"line":383,"column":null}},"loc":{"start":{"line":387,"column":72},"end":{"line":445,"column":null}},"line":387},"12":{"name":"(anonymous_12)","decl":{"start":{"line":414,"column":49},"end":{"line":414,"column":61}},"loc":{"start":{"line":414,"column":61},"end":{"line":414,"column":64}},"line":414},"13":{"name":"(anonymous_13)","decl":{"start":{"line":452,"column":16},"end":{"line":452,"column":33}},"loc":{"start":{"line":452,"column":84},"end":{"line":459,"column":null}},"line":452},"14":{"name":"(anonymous_14)","decl":{"start":{"line":465,"column":16},"end":{"line":465,"column":null}},"loc":{"start":{"line":469,"column":19},"end":{"line":477,"column":null}},"line":469},"15":{"name":"(anonymous_15)","decl":{"start":{"line":484,"column":8},"end":{"line":484,"column":42}},"loc":{"start":{"line":484,"column":42},"end":{"line":530,"column":null}},"line":484},"16":{"name":"(anonymous_16)","decl":{"start":{"line":536,"column":2},"end":{"line":536,"column":10}},"loc":{"start":{"line":536,"column":43},"end":{"line":537,"column":null}},"line":536},"17":{"name":"(anonymous_17)","decl":{"start":{"line":537,"column":15},"end":{"line":537,"column":24}},"loc":{"start":{"line":537,"column":36},"end":{"line":537,"column":59}},"line":537}},"branchMap":{"0":{"loc":{"start":{"line":122,"column":2},"end":{"line":123,"column":null}},"type":"if","locations":[{"start":{"line":122,"column":2},"end":{"line":123,"column":null}},{"start":{},"end":{}}],"line":122},"1":{"loc":{"start":{"line":165,"column":16},"end":{"line":165,"column":null}},"type":"binary-expr","locations":[{"start":{"line":165,"column":16},"end":{"line":165,"column":33}},{"start":{"line":165,"column":33},"end":{"line":165,"column":null}}],"line":165},"2":{"loc":{"start":{"line":166,"column":17},"end":{"line":166,"column":37}},"type":"binary-expr","locations":[{"start":{"line":166,"column":17},"end":{"line":166,"column":35}},{"start":{"line":166,"column":35},"end":{"line":166,"column":37}}],"line":166},"3":{"loc":{"start":{"line":167,"column":19},"end":{"line":167,"column":null}},"type":"binary-expr","locations":[{"start":{"line":167,"column":19},"end":{"line":167,"column":38}},{"start":{"line":167,"column":38},"end":{"line":167,"column":null}}],"line":167},"4":{"loc":{"start":{"line":172,"column":4},"end":{"line":173,"column":null}},"type":"if","locations":[{"start":{"line":172,"column":4},"end":{"line":173,"column":null}},{"start":{},"end":{}}],"line":172},"5":{"loc":{"start":{"line":187,"column":4},"end":{"line":187,"column":null}},"type":"if","locations":[{"start":{"line":187,"column":4},"end":{"line":187,"column":null}},{"start":{},"end":{}}],"line":187},"6":{"loc":{"start":{"line":188,"column":4},"end":{"line":188,"column":null}},"type":"if","locations":[{"start":{"line":188,"column":4},"end":{"line":188,"column":null}},{"start":{},"end":{}}],"line":188},"7":{"loc":{"start":{"line":189,"column":4},"end":{"line":189,"column":null}},"type":"if","locations":[{"start":{"line":189,"column":4},"end":{"line":189,"column":null}},{"start":{},"end":{}}],"line":189},"8":{"loc":{"start":{"line":190,"column":4},"end":{"line":190,"column":null}},"type":"if","locations":[{"start":{"line":190,"column":4},"end":{"line":190,"column":null}},{"start":{},"end":{}}],"line":190},"9":{"loc":{"start":{"line":191,"column":4},"end":{"line":191,"column":null}},"type":"if","locations":[{"start":{"line":191,"column":4},"end":{"line":191,"column":null}},{"start":{},"end":{}}],"line":191},"10":{"loc":{"start":{"line":192,"column":4},"end":{"line":192,"column":null}},"type":"if","locations":[{"start":{"line":192,"column":4},"end":{"line":192,"column":null}},{"start":{},"end":{}}],"line":192},"11":{"loc":{"start":{"line":202,"column":4},"end":{"line":203,"column":null}},"type":"if","locations":[{"start":{"line":202,"column":4},"end":{"line":203,"column":null}},{"start":{},"end":{}}],"line":202},"12":{"loc":{"start":{"line":219,"column":4},"end":{"line":220,"column":null}},"type":"if","locations":[{"start":{"line":219,"column":4},"end":{"line":220,"column":null}},{"start":{},"end":{}}],"line":219},"13":{"loc":{"start":{"line":234,"column":4},"end":{"line":235,"column":null}},"type":"if","locations":[{"start":{"line":234,"column":4},"end":{"line":235,"column":null}},{"start":{},"end":{}}],"line":234},"14":{"loc":{"start":{"line":238,"column":11},"end":{"line":238,"column":21}},"type":"binary-expr","locations":[{"start":{"line":238,"column":11},"end":{"line":238,"column":19}},{"start":{"line":238,"column":19},"end":{"line":238,"column":21}}],"line":238},"15":{"loc":{"start":{"line":247,"column":42},"end":{"line":247,"column":77}},"type":"default-arg","locations":[{"start":{"line":247,"column":50},"end":{"line":247,"column":77}}],"line":247},"16":{"loc":{"start":{"line":256,"column":4},"end":{"line":257,"column":null}},"type":"if","locations":[{"start":{"line":256,"column":4},"end":{"line":257,"column":null}},{"start":{},"end":{}}],"line":256},"17":{"loc":{"start":{"line":256,"column":8},"end":{"line":256,"column":34}},"type":"binary-expr","locations":[{"start":{"line":256,"column":8},"end":{"line":256,"column":24}},{"start":{"line":256,"column":24},"end":{"line":256,"column":34}}],"line":256},"18":{"loc":{"start":{"line":267,"column":4},"end":{"line":268,"column":null}},"type":"if","locations":[{"start":{"line":267,"column":4},"end":{"line":268,"column":null}},{"start":{},"end":{}}],"line":267},"19":{"loc":{"start":{"line":271,"column":11},"end":{"line":271,"column":21}},"type":"binary-expr","locations":[{"start":{"line":271,"column":11},"end":{"line":271,"column":19}},{"start":{"line":271,"column":19},"end":{"line":271,"column":21}}],"line":271},"20":{"loc":{"start":{"line":293,"column":4},"end":{"line":294,"column":null}},"type":"if","locations":[{"start":{"line":293,"column":4},"end":{"line":294,"column":null}},{"start":{},"end":{}}],"line":293},"21":{"loc":{"start":{"line":297,"column":4},"end":{"line":298,"column":null}},"type":"if","locations":[{"start":{"line":297,"column":4},"end":{"line":298,"column":null}},{"start":{},"end":{}}],"line":297},"22":{"loc":{"start":{"line":297,"column":8},"end":{"line":297,"column":44}},"type":"binary-expr","locations":[{"start":{"line":297,"column":8},"end":{"line":297,"column":21}},{"start":{"line":297,"column":21},"end":{"line":297,"column":44}}],"line":297},"23":{"loc":{"start":{"line":329,"column":4},"end":{"line":330,"column":null}},"type":"if","locations":[{"start":{"line":329,"column":4},"end":{"line":330,"column":null}},{"start":{},"end":{}}],"line":329},"24":{"loc":{"start":{"line":329,"column":8},"end":{"line":329,"column":31}},"type":"binary-expr","locations":[{"start":{"line":329,"column":8},"end":{"line":329,"column":20}},{"start":{"line":329,"column":20},"end":{"line":329,"column":31}}],"line":329},"25":{"loc":{"start":{"line":341,"column":8},"end":{"line":344,"column":null}},"type":"if","locations":[{"start":{"line":341,"column":8},"end":{"line":344,"column":null}},{"start":{},"end":{}}],"line":341},"26":{"loc":{"start":{"line":350,"column":20},"end":{"line":350,"column":null}},"type":"cond-expr","locations":[{"start":{"line":350,"column":43},"end":{"line":350,"column":57}},{"start":{"line":350,"column":57},"end":{"line":350,"column":null}}],"line":350},"27":{"loc":{"start":{"line":354,"column":6},"end":{"line":366,"column":null}},"type":"if","locations":[{"start":{"line":354,"column":6},"end":{"line":366,"column":null}},{"start":{},"end":{}}],"line":354},"28":{"loc":{"start":{"line":400,"column":4},"end":{"line":402,"column":null}},"type":"if","locations":[{"start":{"line":400,"column":4},"end":{"line":402,"column":null}},{"start":{},"end":{}}],"line":400},"29":{"loc":{"start":{"line":434,"column":6},"end":{"line":435,"column":null}},"type":"if","locations":[{"start":{"line":434,"column":6},"end":{"line":435,"column":null}},{"start":{},"end":{}}],"line":434},"30":{"loc":{"start":{"line":434,"column":10},"end":{"line":434,"column":59}},"type":"binary-expr","locations":[{"start":{"line":434,"column":10},"end":{"line":434,"column":36}},{"start":{"line":434,"column":36},"end":{"line":434,"column":59}}],"line":434},"31":{"loc":{"start":{"line":444,"column":27},"end":{"line":444,"column":null}},"type":"cond-expr","locations":[{"start":{"line":444,"column":50},"end":{"line":444,"column":64}},{"start":{"line":444,"column":64},"end":{"line":444,"column":null}}],"line":444},"32":{"loc":{"start":{"line":456,"column":25},"end":{"line":456,"column":null}},"type":"binary-expr","locations":[{"start":{"line":456,"column":25},"end":{"line":456,"column":39}},{"start":{"line":456,"column":39},"end":{"line":456,"column":null}}],"line":456},"33":{"loc":{"start":{"line":494,"column":4},"end":{"line":495,"column":null}},"type":"if","locations":[{"start":{"line":494,"column":4},"end":{"line":495,"column":null}},{"start":{},"end":{}}],"line":494},"34":{"loc":{"start":{"line":494,"column":8},"end":{"line":494,"column":31}},"type":"binary-expr","locations":[{"start":{"line":494,"column":8},"end":{"line":494,"column":17}},{"start":{"line":494,"column":17},"end":{"line":494,"column":31}}],"line":494},"35":{"loc":{"start":{"line":502,"column":6},"end":{"line":502,"column":null}},"type":"if","locations":[{"start":{"line":502,"column":6},"end":{"line":502,"column":null}},{"start":{},"end":{}}],"line":502},"36":{"loc":{"start":{"line":506,"column":6},"end":{"line":523,"column":null}},"type":"if","locations":[{"start":{"line":506,"column":6},"end":{"line":523,"column":null}},{"start":{"line":508,"column":13},"end":{"line":523,"column":null}}],"line":506},"37":{"loc":{"start":{"line":510,"column":8},"end":{"line":523,"column":null}},"type":"if","locations":[{"start":{"line":510,"column":8},"end":{"line":523,"column":null}},{"start":{"line":512,"column":15},"end":{"line":523,"column":null}}],"line":510}},"s":{"0":0,"1":0,"2":0,"3":0,"4":0,"5":0,"6":0,"7":0,"8":0,"9":0,"10":0,"11":0,"12":0,"13":0,"14":0,"15":0,"16":0,"17":0,"18":0,"19":0,"20":0,"21":0,"22":0,"23":0,"24":0,"25":0,"26":0,"27":0,"28":0,"29":0,"30":0,"31":0,"32":0,"33":0,"34":0,"35":0,"36":0,"37":0,"38":0,"39":0,"40":0,"41":0,"42":0,"43":0,"44":0,"45":0,"46":0,"47":0,"48":0,"49":0,"50":0,"51":0,"52":0,"53":0,"54":0,"55":0,"56":0,"57":0,"58":0,"59":0,"60":0,"61":0,"62":0,"63":0,"64":0,"65":0,"66":0,"67":0,"68":0,"69":0,"70":0,"71":0,"72":0,"73":0,"74":0,"75":0,"76":0,"77":0,"78":0,"79":0,"80":0,"81":0,"82":0,"83":0,"84":0,"85":0,"86":0,"87":0,"88":0,"89":0,"90":0,"91":0,"92":0,"93":0,"94":0,"95":0,"96":0,"97":0,"98":0,"99":0,"100":0,"101":0,"102":0,"103":0,"104":0,"105":0,"106":0,"107":0,"108":0,"109":0,"110":0,"111":0,"112":0,"113":0,"114":0,"115":0},"f":{"0":0,"1":0,"2":0,"3":0,"4":0,"5":0,"6":0,"7":0,"8":0,"9":0,"10":0,"11":0,"12":0,"13":0,"14":0,"15":0,"16":0,"17":0},"b":{"0":[0,0],"1":[0,0],"2":[0,0],"3":[0,0],"4":[0,0],"5":[0,0],"6":[0,0],"7":[0,0],"8":[0,0],"9":[0,0],"10":[0,0],"11":[0,0],"12":[0,0],"13":[0,0],"14":[0,0],"15":[0],"16":[0,0],"17":[0,0],"18":[0,0],"19":[0,0],"20":[0,0],"21":[0,0],"22":[0,0],"23":[0,0],"24":[0,0],"25":[0,0],"26":[0,0],"27":[0,0],"28":[0,0],"29":[0,0],"30":[0,0],"31":[0,0],"32":[0,0],"33":[0,0],"34":[0,0],"35":[0,0],"36":[0,0],"37":[0,0]},"meta":{"lastBranch":38,"lastFunction":18,"lastStatement":116,"seen":{"s:73:20:73:Infinity":0,"s:74:22:74:Infinity":1,"s:75:21:75:Infinity":2,"s:78:30:87:Infinity":3,"f:103:16:103:41":0,"s:104:2:104:Infinity":4,"f:115:16:115:Infinity":1,"s:120:28:120:69":5,"b:122:2:123:Infinity:undefined:undefined:undefined:undefined":0,"s:122:2:123:Infinity":6,"s:123:4:123:Infinity":7,"s:125:15:125:Infinity":8,"s:126:2:127:Infinity":9,"s:126:15:126:18":10,"s:127:4:127:Infinity":11,"s:129:2:129:Infinity":12,"f:139:2:139:14":2,"s:140:4:140:Infinity":13,"f:157:8:157:24":3,"s:158:28:170:15":14,"b:165:16:165:33:165:33:165:Infinity":1,"b:166:17:166:35:166:35:166:37":2,"b:167:19:167:38:167:38:167:Infinity":3,"b:172:4:173:Infinity:undefined:undefined:undefined:undefined":4,"s:172:4:173:Infinity":15,"s:173:6:173:Infinity":16,"s:176:4:176:Infinity":17,"f:182:8:182:Infinity":4,"s:186:48:186:50":18,"b:187:4:187:Infinity:undefined:undefined:undefined:undefined":5,"s:187:4:187:Infinity":19,"s:187:36:187:Infinity":20,"b:188:4:188:Infinity:undefined:undefined:undefined:undefined":6,"s:188:4:188:Infinity":21,"s:188:35:188:Infinity":22,"b:189:4:189:Infinity:undefined:undefined:undefined:undefined":7,"s:189:4:189:Infinity":23,"s:189:38:189:Infinity":24,"b:190:4:190:Infinity:undefined:undefined:undefined:undefined":8,"s:190:4:190:Infinity":25,"s:190:38:190:Infinity":26,"b:191:4:191:Infinity:undefined:undefined:undefined:undefined":9,"s:191:4:191:Infinity":27,"s:191:39:191:Infinity":28,"b:192:4:192:Infinity:undefined:undefined:undefined:undefined":10,"s:192:4:192:Infinity":29,"s:192:40:192:Infinity":30,"s:194:28:200:15":31,"b:202:4:203:Infinity:undefined:undefined:undefined:undefined":11,"s:202:4:203:Infinity":32,"s:203:6:203:Infinity":33,"s:206:4:206:Infinity":34,"f:212:8:212:22":5,"s:213:22:217:39":35,"b:219:4:220:Infinity:undefined:undefined:undefined:undefined":12,"s:219:4:220:Infinity":36,"s:220:6:220:Infinity":37,"f:227:8:227:42":6,"s:228:28:232:48":38,"b:234:4:235:Infinity:undefined:undefined:undefined:undefined":13,"s:234:4:235:Infinity":39,"s:235:6:235:Infinity":40,"s:238:4:238:Infinity":41,"b:238:11:238:19:238:19:238:21":14,"f:247:8:247:23":7,"b:247:50:247:77":15,"s:249:51:254:15":42,"b:256:4:257:Infinity:undefined:undefined:undefined:undefined":16,"s:256:4:257:Infinity":43,"b:256:8:256:24:256:24:256:34":17,"s:257:6:257:Infinity":44,"s:260:28:265:19":45,"b:267:4:268:Infinity:undefined:undefined:undefined:undefined":18,"s:267:4:268:Infinity":46,"s:268:6:268:Infinity":47,"s:271:4:271:Infinity":48,"b:271:11:271:19:271:19:271:21":19,"f:281:8:281:Infinity":8,"s:286:38:291:34":49,"b:293:4:294:Infinity:undefined:undefined:undefined:undefined":20,"s:293:4:294:Infinity":50,"s:294:6:294:Infinity":51,"b:297:4:298:Infinity:undefined:undefined:undefined:undefined":21,"s:297:4:298:Infinity":52,"b:297:8:297:21:297:21:297:44":22,"s:298:6:298:Infinity":53,"s:302:20:303:Infinity":54,"f:303:15:303:20":9,"s:303:32:303:76":55,"s:306:4:306:Infinity":56,"f:312:16:312:Infinity":10,"s:318:48:327:15":57,"b:329:4:330:Infinity:undefined:undefined:undefined:undefined":23,"s:329:4:330:Infinity":58,"b:329:8:329:20:329:20:329:31":24,"s:330:6:330:Infinity":59,"s:337:4:366:Infinity":60,"s:337:23:337:26":61,"s:338:6:350:Infinity":62,"s:339:23:339:74":63,"b:341:8:344:Infinity:undefined:undefined:undefined:undefined":25,"s:341:8:344:Infinity":64,"s:343:10:343:Infinity":65,"s:344:10:344:Infinity":66,"s:347:8:347:Infinity":67,"s:348:8:348:Infinity":68,"s:350:8:350:Infinity":69,"b:350:43:350:57:350:57:350:Infinity":26,"b:354:6:366:Infinity:undefined:undefined:undefined:undefined":27,"s:354:6:366:Infinity":70,"s:355:22:355:82":71,"s:356:8:356:Infinity":72,"s:359:28:359:70":73,"s:360:8:366:Infinity":74,"s:371:4:371:Infinity":75,"s:372:4:377:Infinity":76,"f:383:16:383:Infinity":11,"s:388:26:388:49":77,"s:389:22:389:46":78,"s:392:44:397:Infinity":79,"b:400:4:402:Infinity:undefined:undefined:undefined:undefined":28,"s:400:4:402:Infinity":80,"s:401:24:401:79":81,"s:402:6:402:Infinity":82,"s:405:4:445:Infinity":83,"s:406:23:412:8":84,"s:414:27:414:64":85,"f:414:49:414:61":12,"s:414:61:414:64":86,"s:417:6:431:Infinity":87,"b:434:6:435:Infinity:undefined:undefined:undefined:undefined":29,"s:434:6:435:Infinity":88,"b:434:10:434:36:434:36:434:59":30,"s:435:8:435:Infinity":89,"s:438:6:442:Infinity":90,"s:444:27:444:Infinity":91,"b:444:50:444:64:444:64:444:Infinity":31,"s:445:6:445:Infinity":92,"f:452:16:452:33":13,"s:453:4:459:Infinity":93,"b:456:25:456:39:456:39:456:Infinity":32,"f:465:16:465:Infinity":14,"s:470:4:477:Infinity":94,"f:484:8:484:42":15,"s:486:41:492:37":95,"b:494:4:495:Infinity:undefined:undefined:undefined:undefined":33,"s:494:4:495:Infinity":96,"b:494:8:494:17:494:17:494:31":34,"s:495:6:495:Infinity":97,"s:498:25:498:Infinity":98,"s:500:4:527:Infinity":99,"s:501:23:501:Infinity":100,"b:502:6:502:Infinity:undefined:undefined:undefined:undefined":35,"s:502:6:502:Infinity":101,"s:502:20:502:Infinity":102,"s:504:21:504:85":103,"b:506:6:523:Infinity:508:13:523:Infinity":36,"s:506:6:523:Infinity":104,"s:507:8:507:Infinity":105,"s:509:30:509:Infinity":106,"b:510:8:523:Infinity:512:15:523:Infinity":37,"s:510:8:523:Infinity":107,"s:511:10:511:Infinity":108,"s:513:24:513:90":109,"s:514:30:514:72":110,"s:515:10:523:Infinity":111,"s:527:6:527:Infinity":112,"s:530:4:530:Infinity":113,"f:536:2:536:10":16,"s:537:4:537:Infinity":114,"f:537:15:537:24":17,"s:537:36:537:59":115}}}
}
